--- Duplicate Meeting Cleanup Started: 2025-05-02T01:24:52.300Z --- (Dry Run)
2025-05-02T01:24:53.399Z - MARKED DUPLICATE: 00qj3Ag3nT3EiR4dYU5O (Key: COORD|43.88985|-92.84588|hayfield group|mon|19:00, Kept: 00705b8ad2770bec7c429384)
2025-05-02T01:24:53.623Z - MARKED DUPLICATE: 019tGysFZNbskzIMrxnu (Key: COORD|38.30067|-122.30468|hut group|mon|12:15, Kept: 00a8fe142695e830b05f4464)
2025-05-02T01:24:53.989Z - MARKED DUPLICATE: 024ScqgutM8iNngkP4H1 (Key: COORD|42.1286|-87.92707|men's group|sat|08:30, Kept: 010664429bfa5fd97a19f7fb)
2025-05-02T01:24:54.100Z - MARKED DUPLICATE: 02F9OCOjxozbHnRwZNFq (Key: COORD|26.69966|-80.07|good morning group|tue|07:00, Kept: 015dac83c318484b947225cd)
2025-05-02T01:24:54.280Z - MARKED DUPLICATE: 02d9e96d29fed0a6ad7855da (Key: COORD|43.1286|-88.4589|lac tuesday afternoon group|tue|16:00, Kept: 00JGIrIP9UCWAw1UR6Sl)
2025-05-02T01:24:54.323Z - MARKED DUPLICATE: 02edb4675c359cc789d7400a (Key: COORD|38.75502|-77.06343|hilltop group|tue|20:00, Kept: 00ZxyIXyHogjU3rF5wUd)
2025-05-02T01:24:54.397Z - MARKED DUPLICATE: 032c60c141d0ca1774130735 (Key: COORD|40.74787|-73.54347|levittown group|thu|19:30, Kept: 02OoZoOJsDjt4tFpXf1z)
2025-05-02T01:24:54.472Z - MARKED DUPLICATE: 0360a30d59c457b9c10be529 (Key: LINK|zoom.us/j/6103561035|a m sunset beach|sat|07:30, Kept: 021db7d53cde2187067e76d5)
2025-05-02T01:24:54.527Z - MARKED DUPLICATE: 038600b3253984acd747dd6b (Key: COORD|39.0566|-94.66808|honest desire group|mon|20:00, Kept: 00jYpcuzkIMKN0IAgZds)
2025-05-02T01:24:54.528Z - MARKED DUPLICATE: 038bcaeabbd1692b4bff0197 (Key: COORD|41.83832|-72.467|never lose hope group|sat|09:30, Kept: 01T4IId2IyJhdvZqVHja)
2025-05-02T01:24:54.855Z - MARKED DUPLICATE: 041dedd687fc07ed02fd82f5 (Key: COORD|35.08349|-89.8127|germantown happy group|wed|19:00, Kept: 02kmLUj4IRw0R8Ljiq2X)
2025-05-02T01:24:54.890Z - MARKED DUPLICATE: 044e793b2686209d54b5613e (Key: LINK|us02web.zoom.us/j/3195976624|"step up" men's step meeting|sat|07:00, Kept: 01446A6DKCik09AlKh8p)
2025-05-02T01:24:54.989Z - MARKED DUPLICATE: 04896c18bcb2854de4c0e45e (Key: COORD|41.53572|-73.89974|wow- women of worth group|sun|19:00, Kept: 03CfWE6uNb6qL2kxJSuN)
2025-05-02T01:24:55.033Z - MARKED DUPLICATE: 04O7PNBDGsMLI0UwuXEP (Key: COORD|41.03929|-80.34738|ask it basket group|thu|18:30, Kept: 03688bac6ca0f4bfae282254)
2025-05-02T01:24:55.054Z - MARKED DUPLICATE: 04aed454a4829a169dbe39f3 (Key: LINK|zoom.us/j/3931777359|sunrise literature group meeting|sun|07:30, Kept: 04S2LGRDjxgirJM5AIMh)
2025-05-02T01:24:55.129Z - MARKED DUPLICATE: 04e7014ac540ea1f393de589 (Key: COORD|40.0422|-75.54235|sober sunday|sun|17:00, Kept: 00hVo6ZhrPz7TuJbosxK)
2025-05-02T01:24:55.383Z - MARKED DUPLICATE: 0545647df3301a4adf2b8f95 (Key: COORD|38.85077|-91.94765|fulton group|sun|18:00, Kept: 0525HehjqL3s1fdZcP6D)
2025-05-02T01:24:55.384Z - MARKED DUPLICATE: 054dfa08bd425642e6ec53ff (Key: COORD|41.6547|-87.67981|aa-el camino a la libertad|sat|19:00, Kept: 02PxedtasjruqkWcLyzP)
2025-05-02T01:24:55.452Z - MARKED DUPLICATE: 055bfcc14fb2363b16bd9403 (Key: LINK|us02web.zoom.us/j/9256303872?pwd=ttromuddckxwv2w5sgj5tmnmuxbkqt09|on zoom--staying alive group|mon|17:45, Kept: 003eZTp8WaD1SKjC9Qu1)
2025-05-02T01:24:55.532Z - MARKED DUPLICATE: 05CGlBuWm1PjaSK32tNl (Key: COORD|39.01946|-77.41031|stepping stones men's group|tue|18:30, Kept: 03627832eeb3cfce6246fc7e)
2025-05-02T01:24:55.534Z - MARKED DUPLICATE: 05LJoS6ri8LcaqkhWKHa (Key: COORD|40.54302|-80.18559|sewickley monday night beginners group|mon|19:15, Kept: 02amUUxOgt0foyS2476Q)
2025-05-02T01:24:55.537Z - MARKED DUPLICATE: 05Y39S30JpOx7HiJJtgq (Key: COORD|40.06385|-83.08492|women's serenity group|wed|11:00, Kept: 03v7T29uexgJkN9i3bnl)
2025-05-02T01:24:55.577Z - MARKED DUPLICATE: 05ae460ab89f68ef8ac22763 (Key: COORD|42.91964|-89.2103|stoughton group|fri|12:00, Kept: 05Ddm0J5bfvzqTIDHF0P)
2025-05-02T01:24:55.703Z - MARKED DUPLICATE: 05ojosgn2C6GmDteLz1E (Key: COORD|35.41693|-80.90876|st. augustine group (men)|thu|19:00, Kept: 0596c988796a422838f3450a)
2025-05-02T01:24:55.741Z - MARKED DUPLICATE: 061WZd3NMOLQSgk2sAHk (Key: COORD|29.95309|-95.59455|cypress group|mon|07:00, Kept: 03720391122af8f9fe1a998c)
2025-05-02T01:24:55.752Z - MARKED DUPLICATE: 062a419b29bc4c2219aa0292 (Key: COORD|33.41694|-111.69846|road to recovery|sun|21:00, Kept: 045OE5CBuoo5nGHPsM3J)
2025-05-02T01:24:55.848Z - MARKED DUPLICATE: 062cQ4PRfgFklCxUq93p (Key: COORD|40.3438|-74.06389|red bank women's meeting|wed|13:00, Kept: 0594b28682e4636784a198d9)
2025-05-02T01:24:55.919Z - MARKED DUPLICATE: 0655c68e60cd7a08027a8dbd (Key: COORD|39.89372|-86.08346|ivy hills northeast group|tue|20:00, Kept: 03wCwi1mQehO8SE9tGQM)
2025-05-02T01:24:55.994Z - MARKED DUPLICATE: 067f69adba3da91ff0a47aaf (Key: LINK|zoom.us/j/687118144|5th dimension young people's group of aa|mon|21:30, Kept: 01lpxluZiOKaonZ1rb8g)
2025-05-02T01:24:56.029Z - MARKED DUPLICATE: 06C6imUFwLBq5zbI0rDu (Key: COORD|28.11408|-80.57418|sisters in sobriety group|tue|17:30, Kept: 00nwO4SCIL01Dtcm00Uz)
2025-05-02T01:24:56.030Z - MARKED DUPLICATE: 06I9XCIZ8klVQfmufh6z (Key: COORD|43.07068|-76.09906|in-person - sunrise sobriety|thu|07:00, Kept: 02a6jGH0lktHQiDoDChB)
2025-05-02T01:24:56.031Z - MARKED DUPLICATE: 06KBmFN8sG8XjraOcJRV (Key: COORD|38.07071|-120.54096|angels among us friday noon as bill sees it|fri|12:00, Kept: 04800b83706747f4cf89e0c4)
2025-05-02T01:24:56.032Z - MARKED DUPLICATE: 06PXQ7moAJL2r78BPCSB (Key: COORD|43.41665|-72.69644|happy destiny group|mon|19:00, Kept: 00a5b7a82a5ec0f26de15261)
2025-05-02T01:24:56.033Z - MARKED DUPLICATE: 06VkwQ6n4FXyfpXRbzfM (Key: COORD|28.03897|-82.50419|on the way home group|tue|17:30, Kept: 00BHha8sLzoKMx1ctzdY)
2025-05-02T01:24:56.172Z - MARKED DUPLICATE: 06hgWzGOzP0zlyHqKMqo (Key: COORD|40.54153|-79.78025|springdale young at heart group|fri|19:00, Kept: 00b2f6bd00febcc06524c272)
2025-05-02T01:24:56.173Z - MARKED DUPLICATE: 06nsWHbMF2q2Tcu8Jvdx (Key: LINK|zoom.us/j/78444251808|clinton beginners group|mon|20:30, Kept: 054e7d0a1a28dd0a47675dc6)
2025-05-02T01:24:56.173Z - MARKED DUPLICATE: 06qabrMU7Ob9lOfFq7gi (Key: COORD|40.53931|-80.18223|sewickley friday beginners group|fri|18:30, Kept: 045a037982ba84b0d2ee2f1c)
2025-05-02T01:24:56.175Z - MARKED DUPLICATE: 06x12c5mbpGr8UXqMcNv (Key: COORD|41.72252|-86.19178|new freedom group|mon|17:30, Kept: 05ce6bbc99ab76b1422cb74a)
2025-05-02T01:24:56.175Z - MARKED DUPLICATE: 06yfFpfaUIAZBCcqj9rd (Key: COORD|33.63351|-117.80481|women wandering no more aa literature meeting|thu|18:30, Kept: 0445ee80c6481ef8dc83e68e)
2025-05-02T01:24:56.175Z - MARKED DUPLICATE: 06yn9D2M0gHIAfdI54Ne (Key: COORD|40.43362|-79.88363|edgewood discussion group|fri|20:30, Kept: 04d63835ad770357ac59558c)
2025-05-02T01:24:56.185Z - MARKED DUPLICATE: 070e1b0d6ba19031ec3c9fc0 (Key: LINK|zoom.us/j/919016312?pwd=d2heaepptk9snvbnvs9eqtzmc3e1zz09|the hill discussion (online and in-person) - no meeting monday, april 28, 2025|mon|19:30, Kept: 05BcQbXafYzzwacqidp6)
2025-05-02T01:24:56.266Z - MARKED DUPLICATE: 0742270df7fd60c5f2cd2fe0 (Key: LINK|us02web.zoom.us/j/4168638863?pwd=l1ljcehkvdbnrje3s085q3ixsmpydz09|twelve o clock high noon group|sun|10:30, Kept: 01cIW7WG8I1yuYv56c6k)
2025-05-02T01:24:56.279Z - MARKED DUPLICATE: 0756d3b7893acfc1bce3a12e (Key: COORD|34.03314|-118.29415|grupo bendita sobriedad|tue|20:00, Kept: 06IIZXMh8nzyiPuzku3s)
2025-05-02T01:24:56.462Z - MARKED DUPLICATE: 078wD817oX7DyW0WIH3D (Key: LINK|zoom.us/j/87145976618|acceptance group|sat|09:00, Kept: 01e16e58d23a88805c338cc9)
2025-05-02T01:24:56.493Z - MARKED DUPLICATE: 07Ay8MleV1kLvo6KSROQ (Key: COORD|41.19249|-73.13075|open discusion group|sat|11:15, Kept: 040234ae64658f50031f726a)
2025-05-02T01:24:56.494Z - MARKED DUPLICATE: 07Lqnq3RN2EfdqWKPTKW (Key: COORD|39.92929|-82.87754|eastside 5:30 pm group|wed|17:30, Kept: 05b5e39b820d5f47e72e1194)
2025-05-02T01:24:56.504Z - MARKED DUPLICATE: 07a6DNKUZMmjIoX1nCzO (Key: COORD|36.07553|-87.38981|dickson group|sun|10:30, Kept: 06212dd39bf3a1b2046fe572)
2025-05-02T01:24:56.530Z - MARKED DUPLICATE: 07b7a4184cb07cad0fc7a694 (Key: COORD|37.42055|-95.68232|twin rivers group|sat|17:00, Kept: 03EXGtAzmS3UDK9Wq4uF)
2025-05-02T01:24:56.571Z - MARKED DUPLICATE: 07dFZbfA81VIv9Y1QAqQ (Key: COORD|40.54302|-80.18559|sewickley monday night beginners group|mon|19:15, Kept: 02amUUxOgt0foyS2476Q)
2025-05-02T01:24:56.571Z - MARKED DUPLICATE: 07ddfe1f867758d1cec30d45 (Key: COORD|35.75748|-83.99259|happy destiny|tue|19:30, Kept: 04ndu7LF3JauglSH8i5C)
2025-05-02T01:24:56.576Z - MARKED DUPLICATE: 07e06fa89dd74eed7f628025 (Key: COORD|39.76525|-121.61677|paradise central|sun|07:00, Kept: 03vbXbdh7bHkKSjBWEqk)
2025-05-02T01:24:56.576Z - MARKED DUPLICATE: 07e451a80c37997a170167ea (Key: LINK|zoom.us/j/688841220|attitude adjustment group online only 12 & 12|thu|07:30, Kept: 0549f2dfe3b7e074e5c143ac)
2025-05-02T01:24:56.610Z - MARKED DUPLICATE: 07fa7ca053e212c6947eac40 (Key: COORD|44.29484|-90.84802|black river falls group #1|fri|19:00, Kept: 03pVH1F7qQ32fDzo7HJb)
2025-05-02T01:24:56.692Z - MARKED DUPLICATE: 08267ed8f77c44fa4d95115f (Key: COORD|29.51192|-98.50024|group 12|fri|20:15, Kept: 06Whrj0Luzj75TJNOrK8)
2025-05-02T01:24:56.943Z - MARKED DUPLICATE: 08EBsR8APpE933X33Pjg (Key: COORD|40.48446|-79.81542|reveille east group|sun|08:00, Kept: 01nRD7HUCSavickAmEhV)
2025-05-02T01:24:56.973Z - MARKED DUPLICATE: 08PBpfpva1f9NXFk6GUA (Key: COORD|41.83832|-72.467|daily reflection group|tue|07:00, Kept: 04jE7uUpAqO5kftmph1V)
2025-05-02T01:24:56.974Z - MARKED DUPLICATE: 08UMkaW8JmyCK4WwynYw (Key: COORD|39.95178|-74.18626|toms river new light group|mon|07:00, Kept: 05a29e995126a382a920d9f9)
2025-05-02T01:24:57.106Z - MARKED DUPLICATE: 08sIXB884eqKMSbIx7qy (Key: COORD|41.27269|-73.22544|wednesday night group|wed|19:15, Kept: 05buuqPMuNxe5hsHnfj4)
2025-05-02T01:24:57.106Z - MARKED DUPLICATE: 08t1UkRczd9S8VgKr5sE (Key: COORD|33.55499|-101.87517|lubbock group|wed|17:30, Kept: 00BguXmSDOcMgv4ICLiy)
2025-05-02T01:24:57.106Z - MARKED DUPLICATE: 08y7y60mJER1uPi31RFQ (Key: LINK|zoom.us/j/674123959|daily reflections group|wed|17:30, Kept: 017bMeJlqvljuz971GKs)
2025-05-02T01:24:57.106Z - MARKED DUPLICATE: 08yD9mD7BxS7jZ3byPox (Key: COORD|40.48446|-79.81542|fireside fellowship group|sat|22:00, Kept: 0765RAxZrXkH93NocCIJ)
2025-05-02T01:24:57.166Z - MARKED DUPLICATE: 0902edf30390153ffe80d1d0 (Key: COORD|36.18931|-86.62494|seeking sanity group|wed|18:00, Kept: 00g8gWM0QzQiiD1j5gWh)
2025-05-02T01:24:57.170Z - MARKED DUPLICATE: 091DHPR5DWKn9Ed6klCP (Key: COORD|42.68442|-73.84669|promises do come true group|tue|16:30, Kept: 02fce2f7cd7b9b50b866467c)
2025-05-02T01:24:57.281Z - MARKED DUPLICATE: 095rBLQ1gzTTFw2PY6Zj (Key: COORD|40.39533|-104.68963|high noon group|mon|12:00, Kept: 031c3ae18e1ac68b806826a9)
2025-05-02T01:24:57.283Z - MARKED DUPLICATE: 096a65f406f9f8bcdec95311 (Key: LINK|us02web.zoom.us/j/83002078748?pwd=ueg5sdhtedkxrg1ceup4yw1ysm5wdz09|alpharetta group|fri|18:00, Kept: 05hR4R4tDLaqy2iHKH7V)
2025-05-02T01:24:57.322Z - MARKED DUPLICATE: 0986b5078466c4714ab8fc5c (Key: COORD|43.21729|-70.9412|meet us half way group|mon|19:00, Kept: 08bGcx0IRXVHapUSa4J0)
2025-05-02T01:24:57.424Z - MARKED DUPLICATE: 09DJJl0WvYBHBhJbv5hj (Key: COORD|29.73742|-95.37993|welcome home group|thu|15:00, Kept: 02H1oRhSJmo0rcHUDCHc)
2025-05-02T01:24:57.424Z - MARKED DUPLICATE: 09P7wxa04rHEQXYIFac9 (Key: COORD|42.77577|-80.98314|aylmer triple a group|wed|20:00, Kept: 08258fd11a0851a34295ba10)
2025-05-02T01:24:57.465Z - MARKED DUPLICATE: 09a274c1cd1fc17c2df1f5c6 (Key: COORD|36.50913|-86.88667|robertson county group|sat|19:00, Kept: 04VHc0H4fv7Qdpi6BbYi)
2025-05-02T01:24:57.511Z - MARKED DUPLICATE: 09d1e0c51b2c1e3599513b55 (Key: COORD|41.93396|-74.01948|serenity at the center group|fri|19:00, Kept: 05c1NvW4ioh4ihLvNTRp)
2025-05-02T01:24:57.512Z - MARKED DUPLICATE: 09d5ee5873473164ce13d740 (Key: COORD|41.91061|-72.4509|keep it simple group|wed|19:00, Kept: 05xKOzoqa78M9EbkJgEy)
2025-05-02T01:24:57.539Z - MARKED DUPLICATE: 09db95334b370a700d0e21ac (Key: COORD|28.18127|-80.60316|six-o-five group|mon|18:05, Kept: 03p8aV2rWuoZiiUdn6cW)
2025-05-02T01:24:57.588Z - MARKED DUPLICATE: 09hiwjzBzfhzXZYRsj7Y (Key: COORD|41.12214|-76.5271|millville serenity group|thu|18:30, Kept: 0658f5ef16ead0e6604daba6)
2025-05-02T01:24:57.591Z - MARKED DUPLICATE: 09w2g3PwB3ukOFH2nEq6 (Key: COORD|29.64043|-95.50736|grupo recuperación 12 octubre.|wed|20:00, Kept: 07991b54308d8bd638ed02e0)
2025-05-02T01:24:57.592Z - MARKED DUPLICATE: 09wDXbc1yZfO3zea1CHc (Key: LINK|us04web.zoom.us/j/3047142947?pwd=amfgvxpszssyrndatljpre5lmufgqt09|ballantyne acceptance group|fri|20:00, Kept: 065661bb5a4be3b4e0e790bf)
2025-05-02T01:24:57.624Z - MARKED DUPLICATE: 0AQmIFCHiq3bhgAUHUvj (Key: COORD|41.65388|-74.21405|shawangunk group|sat|19:30, Kept: 01IkROAJ4N73NKHEZexu)
2025-05-02T01:24:57.626Z - MARKED DUPLICATE: 0AZcUNn7zWhHzjEjtgv1 (Key: LINK|us02web.zoom.us/j/3865861116?pwd=l3drbuhfry80r1o0dlcrttbzl29qzz09|wimberley group - online|thu|10:30, Kept: 02632ca963415a183c6bfbb1)
2025-05-02T01:24:57.635Z - MARKED DUPLICATE: 0B91iF5CwZovBtRZrKYC (Key: COORD|41.59995|-72.97534|one step at a time group|fri|17:30, Kept: 063dbe3f051d512ca7d2f9a7)
2025-05-02T01:24:57.637Z - MARKED DUPLICATE: 0BC61L2P312Jh45wFnIa (Key: COORD|37.02628|-76.34633|sunday night 12 step group|sun|20:00, Kept: 0253e0147cdb5ef17de53b9b)
2025-05-02T01:24:57.671Z - MARKED DUPLICATE: 0BGr40El4JTofanfmgyb (Key: COORD|41.06701|-85.14919|just stay group big book|sat|10:00, Kept: 046ab388a854c25c171b8ee4)
2025-05-02T01:24:57.672Z - MARKED DUPLICATE: 0BOleYCDBBddXRtmZOzA (Key: COORD|35.14713|-80.77336|t.g.i.f. group|fri|10:00, Kept: 0ADoW64NS3RY3wCj74lb)
2025-05-02T01:24:57.673Z - MARKED DUPLICATE: 0BiMRZloelL9IlecMymf (Key: COORD|40.44364|-80.14954|parkway west group|wed|19:30, Kept: 06radpt6qQ8iDzTWBHeP)
2025-05-02T01:24:57.674Z - MARKED DUPLICATE: 0BvBz7mG3ssWtXj11Cnf (Key: COORD|43.07068|-76.09906|in-person - just today|fri|09:00, Kept: 0BizXdrZL44OzTyQ8pd6)
2025-05-02T01:24:57.675Z - MARKED DUPLICATE: 0BzY0rjOnM5grZ26yg4c (Key: COORD|40.30676|-74.10595|tinton falls due process group|tue|19:30, Kept: 07f520fb8a55f7d3d668a217)
2025-05-02T01:24:57.675Z - MARKED DUPLICATE: 0C0Yn1gt4vwiS1O7jatb (Key: COORD|40.48446|-79.81542|reveille east group|mon|08:00, Kept: 090fcq4TmEXGPHmsdwqj)
2025-05-02T01:24:57.708Z - MARKED DUPLICATE: 0CL82q9qFdyIkMY08qpf (Key: COORD|40.44556|-80.06647|alcoholics group|fri|19:30, Kept: 09K18B94AMNqZwmXhtDd)
2025-05-02T01:24:57.708Z - MARKED DUPLICATE: 0CMkoihg1wAsMO3Sf3SY (Key: COORD|40.84378|-74.08826|wood ridge new freedom group|wed|19:30, Kept: 03JzTQKsQ9XUo8pcYaLa)
2025-05-02T01:24:57.709Z - MARKED DUPLICATE: 0CRNQy7nvoRUMoNFty3F (Key: COORD|35.44039|-97.40153|old homestead group|sat|17:30, Kept: 0BH7xyLbBXrI7jAZKKnY)
2025-05-02T01:24:57.746Z - MARKED DUPLICATE: 0CndKGtsxv4MZclLT0OI (Key: COORD|38.60605|-90.32946|group #978|sun|19:00, Kept: 0795d367b4051efae76096ee)
2025-05-02T01:24:57.747Z - MARKED DUPLICATE: 0CsiqGPGCXEyVgh2mfQm (Key: COORD|39.92929|-82.87754|eastside 5:30 pm group|wed|17:30, Kept: 05b5e39b820d5f47e72e1194)
2025-05-02T01:24:57.748Z - MARKED DUPLICATE: 0CykQFYc4gsfUDmuJbi8 (Key: COORD|29.77756|-95.13826|north shore group|sun|13:00, Kept: 0ACWhIj2K3v1wPVfN87Z)
2025-05-02T01:24:57.749Z - MARKED DUPLICATE: 0D68nyJ0HkfWFI58S2C1 (Key: LINK|zoom.us/j/82417147452|smoke free nooners group eye opener meeting online|sun|06:45, Kept: 0CdKM5uSLf2hvQ968Xka)
2025-05-02T01:24:57.749Z - MARKED DUPLICATE: 0D8ddph8jOh4dfyOoJFF (Key: LINK|zoom.us/j/4180243425|came to believe group|sat|07:30, Kept: 07d0b390a8f2d0460e5b2e4b)
2025-05-02T01:24:57.749Z - MARKED DUPLICATE: 0DAgPeCbrDpPT37yaaXh (Key: COORD|42.88078|-71.32532|mens beginners group|fri|19:00, Kept: 01b6d7465f9fcd361ae55e5c)
2025-05-02T01:24:57.749Z - MARKED DUPLICATE: 0DBPWeEhJxLhIB7JU2dn (Key: COORD|32.84433|-96.69013|lake highlands group|sun|20:00, Kept: 00NqFk5eNfKQ6yz8Taop)
2025-05-02T01:24:57.749Z - MARKED DUPLICATE: 0DC65P1CII8rLm9B428t (Key: COORD|29.77214|-95.56747|westchase nooners group|tue|12:00, Kept: 02Ve5zJgUoSPdbAJCmuE)
2025-05-02T01:24:57.749Z - MARKED DUPLICATE: 0DCeReG0mf2LXMrYspzB (Key: COORD|43.66786|-70.28303|brown bag meeting|mon|12:15, Kept: 0389538ba770618fb3fe168d)
2025-05-02T01:24:57.750Z - MARKED DUPLICATE: 0DFJmsVqsMQlRJXanrFf (Key: COORD|38.62821|-122.86252|healdsburg group|fri|20:00, Kept: 067cea3388ae6c41c300bc7e)
2025-05-02T01:24:57.750Z - MARKED DUPLICATE: 0DHN7wadLRYUubtZ2JFj (Key: COORD|42.46172|-83.10244|we are recovery motivated (warm)|wed|18:30, Kept: 065c1e111f45b440491b350e)
2025-05-02T01:24:57.750Z - MARKED DUPLICATE: 0DT5xGwK6SHgs46qYRY3 (Key: COORD|41.84501|-72.45778|tuesday womens group|tue|19:00, Kept: 05Jq3YSqLRf8ln4YpWVq)
2025-05-02T01:24:57.750Z - MARKED DUPLICATE: 0Dc5VSCwWUgbd95z5VAp (Key: LINK|us02web.zoom.us/j/713161626?pwd=cdhmtju1r2zsvurkuffjzzzytitudz09|living free group|tue|07:00, Kept: 07mM5fijfpi9OGRQqrSb)
2025-05-02T01:24:57.754Z - MARKED DUPLICATE: 0DmATGmgArmUrRQrAbEz (Key: COORD|39.94512|-83.06085|foundations group|mon|18:00, Kept: 05kIsFy2KxqQITzPIZjg)
2025-05-02T01:24:57.754Z - MARKED DUPLICATE: 0Dmc0CrbjgE3L33JEst8 (Key: LINK|zoom.us/j/87300633665|zoom only - women's big book meeting group|tue|17:30, Kept: 02af60fb3559ba6a42c617b1)
2025-05-02T01:24:57.788Z - MARKED DUPLICATE: 0DpUQrTxbDfwcV9AXXSc (Key: COORD|42.10396|-88.02228|8pm meeting|mon|20:00, Kept: 0479423cbc376004a0151dd9)
2025-05-02T01:24:57.788Z - MARKED DUPLICATE: 0DrfgcKAwADVmVpGalVa (Key: COORD|39.92929|-82.87754|eastside group|thu|10:00, Kept: 057b677d82abd2d927f6197d)
2025-05-02T01:24:57.788Z - MARKED DUPLICATE: 0DwqkXknjucYKBMyizII (Key: COORD|36.33358|-119.30618|abc group|mon|07:15, Kept: 0828edd9b77a3d37ececb0d0)
2025-05-02T01:24:57.788Z - MARKED DUPLICATE: 0DxLeSGklP4rdRjIPBpx (Key: COORD|35.52092|-97.61853|love and tolerance group|wed|17:30, Kept: 08yQL4zKpoLNeQfn0bTb)
2025-05-02T01:24:57.789Z - MARKED DUPLICATE: 0E1vMev6gtU6hQaPcsev (Key: LINK|us02web.zoom.us/j/429430595?pwd=qlg0dldwuuqvohfyqxm5cgrrcla5qt09#success|white oak group|sun|21:30, Kept: 07zAnR4jmBtynB143KAk)
2025-05-02T01:24:57.789Z - MARKED DUPLICATE: 0E9YBYpk3Cl7MbEcoWop (Key: COORD|43.05259|-89.29774|prairie dock group|thu|12:00, Kept: 0194de0b24f0968766b44384)
2025-05-02T01:24:57.790Z - MARKED DUPLICATE: 0ELAc7rbjkPrpetM3Zbj (Key: COORD|37.24443|-80.03229|oak grove group|thu|18:00, Kept: 0CTTJRKecBBvovBiHpmf)
2025-05-02T01:24:57.790Z - MARKED DUPLICATE: 0EO1IRO3UsHzo4FRhfDu (Key: COORD|39.96762|-82.83642|friday acceptance group|fri|12:00, Kept: 06ee68a394d1d0b39ea4843b)
2025-05-02T01:24:57.790Z - MARKED DUPLICATE: 0EPoXDn04e6tRrIo5KUa (Key: COORD|29.51192|-98.50024|group 12|tue|07:00, Kept: 023yOkfVzEAFesKh1kqB)
2025-05-02T01:24:57.790Z - MARKED DUPLICATE: 0ERJLOf5bAxFKultONbO (Key: COORD|42.83416|-71.65055|milford no name group|thu|17:30, Kept: 014cfbda0562d6403cfcbf49)
2025-05-02T01:24:57.790Z - MARKED DUPLICATE: 0ERu7byQZgtjNRq8BGzq (Key: COORD|42.76505|-85.31741|freeport aa group|fri|20:00, Kept: 057df80300ed1b0c3cf3d2ec)
2025-05-02T01:24:57.790Z - MARKED DUPLICATE: 0ESYUz0I2TNBSc84WtW9 (Key: COORD|44.03413|-69.67167|fellowship group|sat|10:00, Kept: 02CwpJVPQp25HboraCuT)
2025-05-02T01:24:57.790Z - MARKED DUPLICATE: 0EZxzANnq3dcrASFp84T (Key: COORD|34.50804|-82.65242|central group - anderson|mon|10:00, Kept: 03gyny9MHzzKUTwNJaU1)
2025-05-02T01:24:57.790Z - MARKED DUPLICATE: 0Ebl27OyRL3CE2YawkTn (Key: COORD|35.48409|-97.63744|rockwell group|fri|12:10, Kept: 05q255onCaSvbJ2631hu)
2025-05-02T01:24:57.842Z - MARKED DUPLICATE: 0EmZICncJAkRCnp8otgK (Key: COORD|35.44534|-97.43562|del city common welfare group|thu|18:00, Kept: 0DWqLoyO3VPncPkZkBX3)
2025-05-02T01:24:57.842Z - MARKED DUPLICATE: 0Eob5USPtqcWgM7BEvkr (Key: COORD|39.52626|-104.75342|parker big book|tue|18:30, Kept: 03642018e4a8e8cbdd959bce)
2025-05-02T01:24:57.843Z - MARKED DUPLICATE: 0EsNXmMkmukg6OhURixJ (Key: COORD|29.52221|-98.42152|serendipity group|mon|17:30, Kept: 0AK5paxgdPDTnB9FAyEu)
2025-05-02T01:24:57.843Z - MARKED DUPLICATE: 0ExOfBL32ocrZUvbmZht (Key: COORD|42.665|-73.78818|answered prayer group|sat|21:00, Kept: 04gnfUz0bo2ZlbqKpp5S)
2025-05-02T01:24:57.946Z - MARKED DUPLICATE: 0F9w4DxX8FJzs2f5GZd8 (Key: COORD|30.23318|-97.78455|south austin big book group|wed|19:00, Kept: 0D9JDZhZyPVIjQ1WrVVI)
2025-05-02T01:24:57.947Z - MARKED DUPLICATE: 0FC7vrswB2NS3EuB6ag9 (Key: COORD|27.61393|-80.38937|south vero beach group|sun|07:30, Kept: 04075554399e786f24a16b4f)
2025-05-02T01:24:57.947Z - MARKED DUPLICATE: 0FCZpfboghWGp9X5Kpv3 (Key: COORD|28.67707|-81.20448|sunset group|thu|17:30, Kept: 039a348a418a18b8d705cbaa)
2025-05-02T01:24:57.948Z - MARKED DUPLICATE: 0FHT0NMW5Go85L7VDwlM (Key: COORD|29.75516|-95.394|unwound group|tue|17:15, Kept: 0BTjhi6YK4MQ1vSqqDTf)
2025-05-02T01:24:57.949Z - MARKED DUPLICATE: 0FQw4iGcy0IGOQwuMeb5 (Key: COORD|38.9609|-94.73663|lenexa group "little house"|wed|18:30, Kept: 07dTgpCyynffYKiAPPx1)
2025-05-02T01:24:57.949Z - MARKED DUPLICATE: 0FVsJlgqUmdWa7l2eQ2C (Key: COORD|39.18841|-85.93004|welcome group (hall)|sat|11:00, Kept: 0567b2074d967857c9656e26)
2025-05-02T01:24:57.949Z - MARKED DUPLICATE: 0FZgvULBqGAsfK2fH3BX (Key: COORD|30.35927|-88.55408|singing river group|tue|12:00, Kept: 09fb80d03ae5e3e21e965999)
2025-05-02T01:24:57.949Z - MARKED DUPLICATE: 0FZsGx0V0OxDxxuWaJlg (Key: COORD|41.59995|-72.97534|sobriety and beyond group|wed|19:30, Kept: 07wFEt57RGx3vX5IhTsM)
2025-05-02T01:24:57.949Z - MARKED DUPLICATE: 0Fbcz4F2VLMPKeVidzfk (Key: COORD|40.45061|-79.94257|spiritual connection womens group|mon|19:00, Kept: 06TIsw9x1EMeiplrrr29)
2025-05-02T01:24:57.949Z - MARKED DUPLICATE: 0Fcp7xrrSi7qQkwyFQnU (Key: COORD|28.55354|-81.44663|pine hills grace group|thu|18:00, Kept: 00047d0dd99f080cf2b766d6)
2025-05-02T01:24:57.950Z - MARKED DUPLICATE: 0FndEqKf1tXNCaMML46M (Key: COORD|43.07068|-76.09906|in-person – 7 & 7 early risers|sat|19:00, Kept: 00d9f582516556ff7368039e)
2025-05-02T01:24:57.950Z - MARKED DUPLICATE: 0FqHcnyZ7xprSf3v7VxI (Key: COORD|29.69791|-95.1574|new hope group|sun|17:00, Kept: 05ee8ffd7487eb411c700146)
2025-05-02T01:24:57.987Z - MARKED DUPLICATE: 0FuFhL5nT4l6fk2vEvBh (Key: COORD|35.44039|-97.40153|old homestead group|sat|17:30, Kept: 0BH7xyLbBXrI7jAZKKnY)
2025-05-02T01:24:57.990Z - MARKED DUPLICATE: 0G9EBcioJPgLEtQ6iil5 (Key: COORD|42.75937|-73.68072|5th avenue sobriety group|sat|14:00, Kept: 0Elf1tRWJWanRQdT4axm)
2025-05-02T01:24:57.990Z - MARKED DUPLICATE: 0GP7chFZBFR8OXGzgfeb (Key: COORD|29.81281|-95.46511|northwest unity group|fri|18:00, Kept: 01jalEG63S3y7lSNR7qo)
2025-05-02T01:24:57.991Z - MARKED DUPLICATE: 0GSBBQiuNvIR0xVjaRhm (Key: COORD|39.79129|-74.19285|wed. morning as bill sees it group|wed|09:00, Kept: 007Yd8WbhjNJDq1ZhHQS)
2025-05-02T01:24:57.991Z - MARKED DUPLICATE: 0GWj2Gchc0zl1RkWVMgL (Key: COORD|37.58901|-77.55005|greenwood commuter group|wed|17:30, Kept: 037f1bc83764c7d92a181b38)
2025-05-02T01:24:57.991Z - MARKED DUPLICATE: 0Gdncv1cp6UO00M3cI7v (Key: LINK|zoom.us/j/4229943881|clean air group|tue|07:15, Kept: 0122391db080e858d109258a)
2025-05-02T01:24:58.022Z - MARKED DUPLICATE: 0GgVcsz7r9ZfxFAO0Syk (Key: COORD|34.8185|-82.38673|fewell group|tue|19:00, Kept: 097325e3156890f992e15ed7)
2025-05-02T01:24:58.023Z - MARKED DUPLICATE: 0Gi9zbpTvZ9h4pJzocEl (Key: LINK|zoom.us/j/86321920270|coffee break group|wed|17:05, Kept: 0601059d298f20f1cbbfbb62)
2025-05-02T01:24:58.023Z - MARKED DUPLICATE: 0GjP53ePLziinIrCc6Xq (Key: COORD|37.79709|-121.21294|manteca fellowship tuesday evening emotional sobriety book study|tue|19:15, Kept: 098feZJUYzDXsyEHYf6w)
2025-05-02T01:24:58.024Z - MARKED DUPLICATE: 0GmkRhRpiVwmw879sFnW (Key: LINK|zoom.us/j/674123959|daily reflections group|wed|17:30, Kept: 017bMeJlqvljuz971GKs)
2025-05-02T01:24:58.025Z - MARKED DUPLICATE: 0GxJkldI60RyQK8V21vt (Key: COORD|42.94312|-70.83638|monday night 12 & 12 group|mon|19:00, Kept: 06d54e4917a7179cb4dfb019)
2025-05-02T01:24:58.026Z - MARKED DUPLICATE: 0H0TMTuLnC5efax2TbAO (Key: COORD|29.74107|-95.43299|tuesday night river oaks group|tue|19:00, Kept: 0Gb8MCChqq964cYfqOzt)
2025-05-02T01:24:58.026Z - MARKED DUPLICATE: 0H3QW2SGdcvQqehg91Ux (Key: COORD|40.94162|-73.95909|cresskill wednedsay night group|wed|20:00, Kept: 02b88a192fa88f527c405530)
2025-05-02T01:24:58.026Z - MARKED DUPLICATE: 0H3XMlzBGt0c5PsYU9gS (Key: COORD|40.43963|-75.33819|juniper street group|thu|12:00, Kept: 0Fvdl3Cs2E78vVYUGsV2)
2025-05-02T01:24:58.028Z - MARKED DUPLICATE: 0HBrmruQWvUbnpjqM5dX (Key: COORD|41.75583|-72.74345|the step up group|thu|19:00, Kept: 0BOHVZQiqPU0dvVA0SU6)
2025-05-02T01:24:58.028Z - MARKED DUPLICATE: 0HGCLgs4vzj9Pt59Ia7H (Key: COORD|41.1531|-73.41192|mott avenue group|sat|10:30, Kept: 053xl6lWDgDwM37c3Fxq)
2025-05-02T01:24:58.031Z - MARKED DUPLICATE: 0HIdkYvxeKppr3gG3t1h (Key: COORD|41.88672|-87.9688|5:30 big book group|fri|17:30, Kept: 01034f4e850f54e9f0b26d45)
2025-05-02T01:24:58.032Z - MARKED DUPLICATE: 0HK0XbNiLVXRkc19PoMA (Key: COORD|27.69191|-80.37246|hibiscus group|mon|12:00, Kept: 094aaJOwY0DbRSHmng1Y)
2025-05-02T01:24:58.032Z - MARKED DUPLICATE: 0HMiMWpLv7qEdzZEjmSW (Key: COORD|40.73715|-73.64783|attitude adjustment group|thu|13:30, Kept: 05DLDPHxmPjIC1TNGBfk)
2025-05-02T01:24:58.066Z - MARKED DUPLICATE: 0Hd1KCm9MWMZVVgwS9s6 (Key: COORD|43.07993|-75.63486|in-person - take it home|fri|17:30, Kept: 05MGeCRxJmZSgHL4GMa0)
2025-05-02T01:24:58.067Z - MARKED DUPLICATE: 0Hgjea2fmeTP5nCY2EJC (Key: COORD|40.02363|-82.86415|okay to feel group|mon|19:00, Kept: 03jRW8hbfViXVxzd0kbJ)
2025-05-02T01:24:58.067Z - MARKED DUPLICATE: 0Hgsu8R8krOVdXO3vYbv (Key: COORD|38.3595|-81.74112|attitude adjustment group|thu|17:30, Kept: 08cf5addd36ff0db125d2d0c)
2025-05-02T01:24:58.067Z - MARKED DUPLICATE: 0Hk2ynqSqvod9Ynk0sMR (Key: COORD|41.68308|-85.97517|new hope group|fri|10:00, Kept: 01mhv8WG59Hg4WINfyOF)
2025-05-02T01:24:58.069Z - MARKED DUPLICATE: 0HpchMjIaob3YsiRXUak (Key: LINK|zoom.us/j/206964444|staying home derby group|thu|17:30, Kept: 096lAxmqnTr8TBXLyvir)
2025-05-02T01:24:58.069Z - MARKED DUPLICATE: 0HpmIqJ4wPIjn3frXItW (Key: COORD|32.63982|-83.6614|last call group (second sat)|sat|20:00, Kept: 05021db13e0a35c03fee50c4)
2025-05-02T01:24:58.069Z - MARKED DUPLICATE: 0HqQMKJO49EJN3P6mCTR (Key: COORD|38.97007|-94.69614|northeast johnson county group|fri|16:00, Kept: 00q4ZmsRI7fKQGxD2p3P)
2025-05-02T01:24:58.069Z - MARKED DUPLICATE: 0Hqnh2KSr8DgSC0UklH4 (Key: COORD|29.53174|-98.56828|primary purpose group|tue|17:30, Kept: 04NtOswpxyREWQpQjXam)
2025-05-02T01:24:58.070Z - MARKED DUPLICATE: 0HrkNEDLpt0lWYN9m3tk (Key: COORD|33.39129|-112.05829|grupo humildad|wed|19:00, Kept: 0GQtgz8XwHEWQE759yEA)
2025-05-02T01:24:58.070Z - MARKED DUPLICATE: 0HstYdRnBWH1rmGHiB1L (Key: COORD|34.50804|-82.65242|central group - anderson|mon|12:00, Kept: 058b39ded62b0636bfacc5a1)
2025-05-02T01:24:58.070Z - MARKED DUPLICATE: 0Hv09AXIzEyhtGg9gxMi (Key: COORD|43.07068|-76.09906|in-person - sunrise sobriety|thu|07:00, Kept: 02a6jGH0lktHQiDoDChB)
2025-05-02T01:24:58.072Z - MARKED DUPLICATE: 0I5YZu0pD8CbFA8w4qAs (Key: COORD|40.44196|-80.02291|welcome home group|mon|12:00, Kept: 0491d12cf752e4ec7bfe175e)
2025-05-02T01:24:58.072Z - MARKED DUPLICATE: 0I7FUFyoEbFjHEO30Fgz (Key: COORD|37.73758|-97.34457|newcomers group|wed|12:00, Kept: 05FJtUYzDcUXwp6TVThf)
2025-05-02T01:24:58.072Z - MARKED DUPLICATE: 0I8IIuWMWclr7pOLamR6 (Key: COORD|33.5523|-117.21311|bills early bird|mon|07:00, Kept: 0320e24045551014b1c486f6)
2025-05-02T01:24:58.107Z - MARKED DUPLICATE: 0IKwIpnE9mIx5xvvjH6P (Key: COORD|27.99755|-80.62295|living the dream group|sun|12:00, Kept: 0676f0a35ef4975a800dac9b)
2025-05-02T01:24:58.107Z - MARKED DUPLICATE: 0IKwQZOdW1mBrkuityYi (Key: COORD|39.10588|-77.55314|drive in group|sun|07:00, Kept: 0451f23980acc84dd2f627b3)
2025-05-02T01:24:58.109Z - MARKED DUPLICATE: 0IUQaOgDgqr91G3eeIzb (Key: COORD|32.8632|-96.80634|preston group|tue|07:30, Kept: 02294b770d1aaa301aefb653)
2025-05-02T01:24:58.109Z - MARKED DUPLICATE: 0IZoF3M0RoXyLmx4NIiF (Key: COORD|28.57258|-80.80322|primary purpose group|fri|19:00, Kept: 0590fcfcbe27779f96dc27ae)
2025-05-02T01:24:58.109Z - MARKED DUPLICATE: 0IbBYHJGJaDISPnZXRFy (Key: COORD|32.94836|-96.76742|dallas north group|sat|12:00, Kept: 01EmJFofVTv9GPkixHOb)
2025-05-02T01:24:58.115Z - MARKED DUPLICATE: 0Ikow5nrUuWIuhgYbUcJ (Key: COORD|40.61465|-74.07157|the first step group|tue|19:30, Kept: 0G66d8u64TOlwAJDoRuC)
2025-05-02T01:24:58.146Z - MARKED DUPLICATE: 0J8rDj4QGzMoWcGs9PbB (Key: COORD|29.53876|-82.8911|old town group|sat|19:00, Kept: 0007fc0203df613f1b699883)
2025-05-02T01:24:58.147Z - MARKED DUPLICATE: 0JCxspi6PeSwv5jrTzc6 (Key: COORD|40.84076|-74.2076|montclair mindful meditation|sat|07:30, Kept: 03c8df191e5fb6a7638af2da)
2025-05-02T01:24:58.150Z - MARKED DUPLICATE: 0JP4c2BgftvgbUtzmbVk (Key: COORD|30.28936|-81.62427|fiesta group|fri|12:00, Kept: 09204b7dac543197877ea824)
2025-05-02T01:24:58.151Z - MARKED DUPLICATE: 0JXfdTbgt8jALogT2WyW (Key: COORD|29.98345|-95.49249|champions group|mon|22:00, Kept: 0GNknAP34mrmeUaqOqzn)
2025-05-02T01:24:58.151Z - MARKED DUPLICATE: 0Jbi8f6z3w4z1eGthTov (Key: COORD|27.98197|-82.79683|clearwater 301 group|mon|19:00, Kept: 09064be1116d14e0b8b99cde)
2025-05-02T01:24:58.188Z - MARKED DUPLICATE: 0JcS7DtVTPobMyIgRLa6 (Key: COORD|40.39498|-80.02863|dormont group|wed|19:00, Kept: 09EbqZvKqezEgFgi5TAp)
2025-05-02T01:24:58.189Z - MARKED DUPLICATE: 0Jf9j6RllxEzxPQCNDOW (Key: COORD|42.99221|-79.24401|golden group|wed|20:00, Kept: 007381ae844a44a087a9ea6a)
2025-05-02T01:24:58.191Z - MARKED DUPLICATE: 0JohK6eR2DtrknjrZkZl (Key: LINK|zoom.us/j/91377362765?pwd=skjirnpprdrvbxfqtturrc9sc0fhzz09|zoomball acceptance group|mon|12:00, Kept: 0BTsY4SJWABL84DfoVkQ)
2025-05-02T01:24:58.191Z - MARKED DUPLICATE: 0JsugkmWby3np1PUomga (Key: COORD|35.48409|-97.63744|rockwell group|tue|17:30, Kept: 0JGRPGzd4neYEMIq7AfG)
2025-05-02T01:24:58.192Z - MARKED DUPLICATE: 0JtPBjnjp3mKUFr33C6I (Key: COORD|45.01081|-93.29526|north oaks on emerson aa group|sat|09:30, Kept: 01bbfd55e7a44114a7fc6bba)
2025-05-02T01:24:58.193Z - MARKED DUPLICATE: 0KHGM1KaLFog4eZbT0Xv (Key: COORD|40.03964|-83.15577|step into the weekend group|thu|19:00, Kept: 080103b649a09cda21debd4a)
2025-05-02T01:24:58.193Z - MARKED DUPLICATE: 0KHKNXiRCLLladsOruvj (Key: COORD|39.94512|-83.06085|foundations group|mon|18:00, Kept: 05kIsFy2KxqQITzPIZjg)
2025-05-02T01:24:58.193Z - MARKED DUPLICATE: 0KMAiT8QGiedDuer10qK (Key: COORD|40.79857|-75.968|open: how it works group|fri|20:00, Kept: 07a322b97f7e533eefd619a7)
2025-05-02T01:24:58.193Z - MARKED DUPLICATE: 0KN91HGq72p87JMIEpUA (Key: COORD|40.40174|-79.77935|pitcairn after work disc group|thu|18:00, Kept: 0DPYRD5aDBkHlQyuyEyd)
2025-05-02T01:24:58.193Z - MARKED DUPLICATE: 0KOgIcGrvlGoOFgezklh (Key: COORD|32.94836|-96.76742|dallas north group|thu|15:00, Kept: 0ArLgjcu4c3wbP23tg66)
2025-05-02T01:24:58.225Z - MARKED DUPLICATE: 0KUj51wgQY4RdJxOf7f5 (Key: COORD|38.43713|-82.18856|mud river group|tue|20:00, Kept: 096c9a6e0e2d052b35c43fa9)
2025-05-02T01:24:58.226Z - MARKED DUPLICATE: 0KV7i069jDGK98Z3bh4T (Key: COORD|40.98228|-74.12783|saturday night recovery group|sat|19:30, Kept: 0H4zISK5tKcXo56ZvA4d)
2025-05-02T01:24:58.228Z - MARKED DUPLICATE: 0Ki3acZ0R5XVfwNLIThM (Key: COORD|42.45622|-75.05954|morning reflections group|mon|07:30, Kept: 041ed07124f0c986699529c2)
2025-05-02T01:24:58.229Z - MARKED DUPLICATE: 0KixLgnMORnXlVpUH7RD (Key: COORD|27.92219|-82.26837|solutions group|wed|18:00, Kept: 03K5vaV9w0FnyxaBFD5V)
2025-05-02T01:24:58.229Z - MARKED DUPLICATE: 0KmIWVJ4IcL8X48SKqn4 (Key: COORD|41.57288|-72.63606|brownstone quarry group|thu|19:00, Kept: 0JJBHcRPMg3AvxpxsNl7)
2025-05-02T01:24:58.231Z - MARKED DUPLICATE: 0KxsCH6vsMt9WqybL2NZ (Key: LINK|zoom.us/j/4229943881|clean air group|fri|07:15, Kept: 0Cjhu832pwKUdV7FM4Ww)
2025-05-02T01:24:58.232Z - MARKED DUPLICATE: 0L3aQ33A063LIRo4nqXQ (Key: COORD|49.28189|-123.13298|west end steps and traditions|mon|20:00, Kept: 028ce2c252b7be2eae69ece1)
2025-05-02T01:24:58.233Z - MARKED DUPLICATE: 0LBIvWNrc7oeVebWnOfX (Key: COORD|40.04445|-74.13264|brick eye openers|thu|07:00, Kept: 017bddf051c8a555515a056a)
2025-05-02T01:24:58.233Z - MARKED DUPLICATE: 0LDKAXRMFAA8JfQqyvrb (Key: COORD|39.75434|-84.2458|give me a break group|wed|13:30, Kept: 011n02zIFFz3zzn4Nu0v)
2025-05-02T01:24:58.233Z - MARKED DUPLICATE: 0LFOb62JgfZlp0MRV03z (Key: COORD|42.6826|-103.40625|crawford group|sat|10:00, Kept: 084f7e090b215e0e3667cf9b)
2025-05-02T01:24:58.233Z - MARKED DUPLICATE: 0LGtlp8SOCbqhXphaOjG (Key: COORD|40.76208|-74.42206|the madison group|mon|19:30, Kept: 0IH8xC13VQ1UDjalrBVc)
2025-05-02T01:24:58.262Z - MARKED DUPLICATE: 0LHVQJLTtP2Mo7oOsAQa (Key: COORD|41.24218|-73.16129|friendly step group|thu|10:00, Kept: 0JvWLSjSil3d7oVnDDya)
2025-05-02T01:24:58.262Z - MARKED DUPLICATE: 0LHYbQe1qvUHuxCjkR5g (Key: COORD|36.07033|-79.37793|rule 62 group|wed|17:45, Kept: 09IAoTy95EXAKd0XOh38)
2025-05-02T01:24:58.263Z - MARKED DUPLICATE: 0LKitnRuvZcIZ4hMcSTZ (Key: COORD|39.48116|-86.04842|franklin serenity group|thu|19:00, Kept: 0BJxrTxlDWBi6YRCxuTO)
2025-05-02T01:24:58.263Z - MARKED DUPLICATE: 0LLSBsSt8IsnWak0ilL4 (Key: COORD|29.80565|-95.40825|heights group|wed|23:59, Kept: 02b73bd1bd5d2cfe41e94c68)
2025-05-02T01:24:58.265Z - MARKED DUPLICATE: 0LNsQa6G7QVCRH81rAER (Key: COORD|40.12487|-74.05207|manasquan break of dawn group|tue|07:00, Kept: 05rfAvkoGDhQSrUyqInz)
2025-05-02T01:24:58.266Z - MARKED DUPLICATE: 0LOYGEaIqjhuVy7nB9wb (Key: COORD|40.43834|-79.92346|turning point group|sat|17:00, Kept: 07XxQEle7YvRMIX8NUij)
2025-05-02T01:24:58.266Z - MARKED DUPLICATE: 0LQ5mkuQdSExixW4DiTu (Key: COORD|48.72507|-122.50031|sos mens group|wed|19:00, Kept: 02e4f4496fe158e684626a1d)
2025-05-02T01:24:58.266Z - MARKED DUPLICATE: 0LWbSpmwk0VFM6EIHoGP (Key: COORD|35.94576|-86.85693|franklin group|fri|12:00, Kept: 0CrvHxEOv6urlL5IXFs5)
2025-05-02T01:24:58.267Z - MARKED DUPLICATE: 0LXGKzRb5UcWNzRLV0aG (Key: COORD|33.33454|-111.84634|g-i-t group newcomers|mon|15:00, Kept: 015d0a0076e7ec0364d7588e)
2025-05-02T01:24:58.267Z - MARKED DUPLICATE: 0LeANbFSiWzDZaH39vNT (Key: COORD|41.83832|-72.467|never lose hope group|sat|09:30, Kept: 01T4IId2IyJhdvZqVHja)
2025-05-02T01:24:58.267Z - MARKED DUPLICATE: 0LekE67QmHKrP0NG2myt (Key: COORD|35.21509|-80.82794|the anonymous group|sun|15:00, Kept: 0HkIp9yqEOTFTIkiTbnp)
2025-05-02T01:24:58.267Z - MARKED DUPLICATE: 0LjF0i9CojuCQ2kiQjba (Key: LINK|zoom.us/j/292327972#success|broad highway group|fri|07:00, Kept: 0LQlE2Pnz45NVMEFcmR3)
2025-05-02T01:24:58.267Z - MARKED DUPLICATE: 0Lp8i4oG2rUsbOevIhtW (Key: COORD|40.82342|-74.44847|cedar knolls oaks east group|mon|19:30, Kept: 0BFjwW67bTjmxWlk6xjB)
2025-05-02T01:24:58.267Z - MARKED DUPLICATE: 0Lrle269DDxQWuoSzjMW (Key: COORD|43.04356|-76.16223|in-person - renewal|sun|19:30, Kept: 0CM0zYS481u0tseViz4t)
2025-05-02T01:24:58.268Z - MARKED DUPLICATE: 0LwI1xfPRTZaGnCfGVPI (Key: LINK|us02web.zoom.us/j/8678193071|never alone again group|sun|05:30, Kept: 0817ed835d46fa0fb707f542)
2025-05-02T01:24:58.268Z - MARKED DUPLICATE: 0LwkjrwrBoAncExNBmdv (Key: COORD|42.93985|-74.19376|friday night footsteps group|fri|19:00, Kept: 02fbbd9aad3ba08bc6bf5a31)
2025-05-02T01:24:58.268Z - MARKED DUPLICATE: 0LxVqclgy34nahW9x3gM (Key: COORD|27.98335|-82.51605|alpha group|fri|12:00, Kept: 07f482436e4d791256a0096e)
2025-05-02T01:24:58.268Z - MARKED DUPLICATE: 0MBVnB0Qcupd3HAjTqg4 (Key: COORD|40.33372|-74.59445|plainsboro saturday night group|sat|18:30, Kept: 0400lNW5KoFKAcWlValw)
2025-05-02T01:24:58.300Z - MARKED DUPLICATE: 0MCJqvZjcykbpyBEW930 (Key: COORD|41.66603|-72.81162|hardware city group|wed|19:30, Kept: 0691b50df6fa2f9e55616d2a)
2025-05-02T01:24:58.301Z - MARKED DUPLICATE: 0MGmfMdjIEB3Qixxh9g7 (Key: COORD|37.35121|-122.0429|early evening meeting|sat|17:00, Kept: 0528557766d78233368ecd0f)
2025-05-02T01:24:58.305Z - MARKED DUPLICATE: 0Mha2Elv8cV6lWDVBRtn (Key: COORD|43.07068|-76.09906|in-person - jump the gun|tue|15:45, Kept: 027db8fc26104f5d66420f2a)
2025-05-02T01:24:58.305Z - MARKED DUPLICATE: 0Mkw07OoVZKTtXv5jXhO (Key: LINK|meet.google.com/sgj-xnff-iwm|st. luke's saturday a.m. men's aa group|sat|09:30, Kept: 0289f3b7fd249236b4dc74cf)
2025-05-02T01:24:58.305Z - MARKED DUPLICATE: 0MoS93t5vlf3CFJpw7YS (Key: COORD|39.96238|-82.9974|capital square group|wed|12:00, Kept: 08bU71l8AFJCjaocTkBI)
2025-05-02T01:24:58.305Z - MARKED DUPLICATE: 0Mq4yAhWNvCUFhSNsq2W (Key: COORD|30.46562|-91.16811|1-12 unity group|sat|12:00, Kept: 02a52b96c7a194d919a13e00)
2025-05-02T01:24:58.305Z - MARKED DUPLICATE: 0MqSBNFZkbUa15e6LKy9 (Key: COORD|40.66047|-74.27456|roselle park noon group|tue|12:15, Kept: 0GkK3UNetYCNBQ0eu18A)
2025-05-02T01:24:58.307Z - MARKED DUPLICATE: 0Mvc8YzHS6rlwrUIqhPw (Key: COORD|32.42272|-83.76684|perry group|thu|20:00, Kept: 099394ef1ac7a7abf8cf1876)
2025-05-02T01:24:58.307Z - MARKED DUPLICATE: 0Mz8GwYVeFEj3W1cx54w (Key: COORD|39.23821|-74.67803|stagecoach group (non-smoking)|tue|13:00, Kept: 0018ac351cbc53b296fcc388)
2025-05-02T01:24:58.307Z - MARKED DUPLICATE: 0N0lVXsKyCnjS3nNqjLv (Key: COORD|29.87383|-98.18967|the solutions group|wed|12:00, Kept: 0201f7d6091101c6e896e967)
2025-05-02T01:24:58.307Z - MARKED DUPLICATE: 0N1UrzoYwi88ITFs0bTU (Key: COORD|35.49857|-97.58292|roundtable group|thu|20:00, Kept: 06p93S7pu5MY5tshq4T0)
2025-05-02T01:24:58.337Z - MARKED DUPLICATE: 0N8MvzrYNk4MfPpIKSuJ (Key: COORD|38.58083|-92.20711|primary purpose group|mon|07:30, Kept: 00GtVmdKiu4yNPed04TW)
2025-05-02T01:24:58.337Z - MARKED DUPLICATE: 0N9PPwPFVnpKZAFOG1Ze (Key: COORD|34.18686|-118.42937|grupo amor y humildad|wed|19:00, Kept: 03YoQq7Afx7M9SPIOWMj)
2025-05-02T01:24:58.337Z - MARKED DUPLICATE: 0N9Srq8kgiTHKwTzBruD (Key: LINK|zoom.us/j/3931777359|sunrise literature group meeting|sat|07:30, Kept: 011ce45ec7f5c0a61e5e0f3d)
2025-05-02T01:24:58.339Z - MARKED DUPLICATE: 0NG7U4ykQz2zA7KFkjap (Key: COORD|41.85806|-72.636|the lost and found group|sun|18:30, Kept: 0BENzoOSKUlQIGgGuOoI)
2025-05-02T01:24:58.339Z - MARKED DUPLICATE: 0NH0Ut58DleBoHZJQuV0 (Key: COORD|33.57453|-117.76219|promises discussion|tue|12:00, Kept: 0087e1ffc9b956ff94b86df8)
2025-05-02T01:24:58.339Z - MARKED DUPLICATE: 0NSmqur3NWsJDnYrcRlA (Key: COORD|28.13853|-80.59728|conscious contact group|mon|12:00, Kept: 03zqe5Fuokk3U3a5H684)
2025-05-02T01:24:58.347Z - MARKED DUPLICATE: 0NfAqkf2gLAaDTySOMDo (Key: LINK|zoom.us/j/874937731?pwd=zfhsohgxuunnmhg2m3nfzzfqymxhdz09#success|zoom saturday let's meet online group|sat|19:00, Kept: 07mFXS3OCD68bSK6AZJT)
2025-05-02T01:24:58.347Z - MARKED DUPLICATE: 0Nhv8jh35bQdiaF3x0Or (Key: COORD|32.67338|-96.82342|corinth group|mon|20:00, Kept: 06SA9ADoSMZn458n0fOG)
2025-05-02T01:24:58.348Z - MARKED DUPLICATE: 0Njot695NUlsdkYfNCSn (Key: LINK|zoom.us/j/777279977|women's close knit group|tue|15:00, Kept: 036332f298726bb3f0cc9a05)
2025-05-02T01:24:58.348Z - MARKED DUPLICATE: 0Nk4BdP1KjNWk54wzJvc (Key: COORD|29.70558|-95.40003|medical center group|wed|12:15, Kept: 0DSksVl42WEEw9C8wfiv)
2025-05-02T01:24:58.348Z - MARKED DUPLICATE: 0Noaq9M8DZegnKCCUYw3 (Key: COORD|41.8102|-72.83073|avon morning group|fri|07:00, Kept: 00nQRAGJ1GTVdFEkVk06)
2025-05-02T01:24:58.348Z - MARKED DUPLICATE: 0NrYgVXFrrJ9Jrw6esVY (Key: COORD|39.92929|-82.87754|eastside group|thu|10:00, Kept: 057b677d82abd2d927f6197d)
2025-05-02T01:24:58.380Z - MARKED DUPLICATE: 0NuFJcgThAvRHpNGv5fk (Key: COORD|27.74539|-82.75184|blind pass group|sun|17:30, Kept: 0EPo8R8N0t5B9MmmdV8F)
2025-05-02T01:24:58.381Z - MARKED DUPLICATE: 0NvqfRtq2aUhm9L5xPcB (Key: LINK|zoom.us/j/3700499609|beauchamp pecore group|sat|18:30, Kept: 04ad1f84b38c5b95a96bfec4)
2025-05-02T01:24:58.381Z - MARKED DUPLICATE: 0NwLql6pEF0sHpMGi5G0 (Key: COORD|42.9873|-80.60134|norwich step group|mon|20:00, Kept: 014fd8bf1843f6e85b46c2a3)
2025-05-02T01:24:58.382Z - MARKED DUPLICATE: 0O0UxVXnLZUu6KdNvXYh (Key: COORD|29.80565|-95.40825|heights group|fri|10:00, Kept: 07QhSpKVCiBU3eGeYIqt)
2025-05-02T01:24:58.382Z - MARKED DUPLICATE: 0O2B1Rs6rQ2saprI4Sjf (Key: LINK|zoom.us/j/971193703|abbeville area group|tue|12:00, Kept: 0EnPA5svHzzdsV0MZZw4)
2025-05-02T01:24:58.382Z - MARKED DUPLICATE: 0O317lhzHNqXs2e3uKm2 (Key: COORD|41.93105|-72.61849|east windsor step group|sun|18:30, Kept: 056tOBzcoaVbrIw2N6Oe)
2025-05-02T01:24:58.382Z - MARKED DUPLICATE: 0O4k3cKxLlJeSZGJpAtd (Key: COORD|40.00409|-83.00956|buckeye brown bag group|fri|12:30, Kept: 090185c9b2a0661ad1c30af7)
2025-05-02T01:24:58.383Z - MARKED DUPLICATE: 0OBiLkpYki3yJNxME7j1 (Key: COORD|39.94442|-77.65959|chambersburg group|thu|18:30, Kept: 01I51f5EYa9wrHV0TnOh)
2025-05-02T01:24:58.383Z - MARKED DUPLICATE: 0OIiJ7TiBwFxr6hK8Ozw (Key: COORD|33.55499|-101.87517|lubbock group|thu|12:00, Kept: 094b5cc6eb419664b58cbe80)
2025-05-02T01:24:58.383Z - MARKED DUPLICATE: 0OPFIPd6kRJAypqgP6ai (Key: COORD|38.71052|-77.79507|happy hour group|tue|17:30, Kept: 0MJfbArjeKdwgcWipQgo)
2025-05-02T01:24:58.471Z - MARKED DUPLICATE: 0OQk2evCcma1RZTO1lz3 (Key: COORD|32.82425|-96.74405|solutions group|thu|18:00, Kept: 037dc1c71dd0f01bbc594567)
2025-05-02T01:24:58.473Z - MARKED DUPLICATE: 0OTBN0YUjGDo5AS9eqVt (Key: COORD|32.79047|-96.63463|bruton terrace group|fri|20:00, Kept: 0611ccfb1cb5b23dc0759452)
2025-05-02T01:24:58.473Z - MARKED DUPLICATE: 0OTa5irHeveaXJiah9du (Key: LINK|us02web.zoom.us/j/6977740747?pwd=avjwwgzywml5edrirhnac2dorwjkzz09|hybrid - new hope group|tue|06:45, Kept: 08gkUcH8sr7PkNX2n94q)
2025-05-02T01:24:58.474Z - MARKED DUPLICATE: 0OVQ5UOEyqIpmW8x42hO (Key: COORD|41.58875|-73.78882|carry the message group|tue|19:00, Kept: 08iS65TrnQqF8NJ9tvmZ)
2025-05-02T01:24:58.474Z - MARKED DUPLICATE: 0OYpjCgGnfJQR87CswIu (Key: COORD|40.39393|-74.11833|middletown morning meeting|wed|07:00, Kept: 070b5c735d9fa831631d65fb)
2025-05-02T01:24:58.501Z - MARKED DUPLICATE: 0OfYGhlq6LPGrse8DDRe (Key: LINK|us02web.zoom.us/j/9040787826?pwd=ejf4b2tpszg1dgtgsdrlq24zdktjzz09|good morning group|wed|07:30, Kept: 0Akxd9QW43RHCMxSJZab)
2025-05-02T01:24:58.502Z - MARKED DUPLICATE: 0OksbhgKCzbSsbxZRkX9 (Key: COORD|32.66126|-97.36139|legacy group|mon|12:00, Kept: 02eBznB6GT5L9T7chgLp)
2025-05-02T01:24:58.504Z - MARKED DUPLICATE: 0Oo5wmnTh13FyVKQ3oqt (Key: LINK|zoom.us/j/509611152?pwd=whjdu3h3eknvcnn6mwxwtfo1ytbzut09|morning meditation group - zoom|fri|06:30, Kept: 0F5chNgNs79Gl1gv4Kyq)
2025-05-02T01:24:58.504Z - MARKED DUPLICATE: 0OoYBotG6omvVIAjkXAO (Key: COORD|44.93978|-93.46657|minnetonka big book study group|sun|09:00, Kept: 0Jit1kpVnCKxkI7jEEqp)
2025-05-02T01:24:58.504Z - MARKED DUPLICATE: 0OpPdUt2q038LlnqcrTR (Key: COORD|40.53873|-75.48723|chestnut group grapevine meeting|sat|19:00, Kept: 08010fdf2f771f9fd05686ac)
2025-05-02T01:24:58.505Z - MARKED DUPLICATE: 0OuLwh7jAUCULmg6UpwB (Key: LINK|zoom.us/j/82910508642|zoom only - positive start group|thu|07:30, Kept: 0Cecbv2X6A5QH8SJDUfP)
2025-05-02T01:24:58.506Z - MARKED DUPLICATE: 0OyfaebSwiOZnc6Nh8vA (Key: COORD|40.04077|-82.45416|newark circle of hope group|sun|20:15, Kept: 05yLg1NmtBZrx2a1h8Iz)
2025-05-02T01:24:58.506Z - MARKED DUPLICATE: 0P0o4oE3lh1HsGANxIgg (Key: COORD|28.31845|-80.61133|sandpiper group|thu|18:00, Kept: 0HkA5epYF7ihfs4rB3dd)
2025-05-02T01:24:58.507Z - MARKED DUPLICATE: 0P3kVmYnlwsqZ7s2UCL2 (Key: COORD|40.58532|-83.13763|marion noon group|fri|12:00, Kept: 04swvPvueLtex3ki6rzI)
2025-05-02T01:24:58.512Z - SKIPPED (No Key): 0PBWTSEhFI2QG75Asb13 - Serenity Hall Group
2025-05-02T01:24:58.513Z - SKIPPED (No Key): 0PErUzUGaWthWaGPGKbm - Pelham Group
2025-05-02T01:24:58.514Z - SKIPPED (No Key): 0PINak8YrbZmeny4mPMR - Floyd Group
2025-05-02T01:24:58.514Z - MARKED DUPLICATE: 0PIq1Wc5Oo0WsF1O0AGg (Key: COORD|32.94836|-96.76742|dallas north group|thu|15:00, Kept: 0ArLgjcu4c3wbP23tg66)
2025-05-02T01:24:58.514Z - SKIPPED (No Key): 0PJc36uWEXHlqyUk4a4V - GRUPO PICO RIVERA
2025-05-02T01:24:58.543Z - SKIPPED (No Key): 0PKMe4Monkr42mA9ZMRm - Downtown Group
2025-05-02T01:24:58.543Z - SKIPPED (No Key): 0PLyIYWlQgtoBE2pe9ET - Casco Speakers Group
2025-05-02T01:24:58.543Z - SKIPPED (No Key): 0PM6RrBezkcgZ6iCrdeL - Pass It On Fellowship
2025-05-02T01:24:58.544Z - SKIPPED (No Key): 0PMfu3NWBM9sPCKfSCbQ - Early Bird Group
2025-05-02T01:24:58.544Z - MARKED DUPLICATE: 0PN4ydGKo1kKGIUt9ZYf (Key: COORD|35.85326|-86.38579|murfreesboro group|thu|19:00, Kept: 0711e02c37008ce489fabaa2)
2025-05-02T01:24:58.544Z - MARKED DUPLICATE: 0PNQ2L63zCCxK8V67Vgm (Key: COORD|37.79709|-121.21294|manteca fellowship monday noon|mon|12:00, Kept: 0InK30fqZ3rtpt4hFFFO)
2025-05-02T01:24:58.544Z - SKIPPED (No Key): 0PPhcoJ7W0fNtSSyYS2L - Gilford Sunday Original Group
2025-05-02T01:24:58.544Z - MARKED DUPLICATE: 0PQCm8axJCyiwyuvXEGT (Key: COORD|43.05259|-89.29774|prairie dock group|thu|12:00, Kept: 0194de0b24f0968766b44384)
2025-05-02T01:24:58.544Z - MARKED DUPLICATE: 0PSDcI5Y2cr55j2UBGU7 (Key: COORD|42.06607|-93.87933|boone group|tue|19:00, Kept: 07dd76114a6357fe8c63e55f)
2025-05-02T01:24:58.544Z - SKIPPED (No Key): 0PSKHysuhMhwjZhkep1E - Fernandina Beach Group
2025-05-02T01:24:58.545Z - MARKED DUPLICATE: 0PTR9Oy8KwQM14E1hvtO (Key: COORD|41.77461|-89.69007|sauk valley group|tue|12:00, Kept: 0NJg8OuplNcBgJrIVpFY)
2025-05-02T01:24:58.545Z - SKIPPED (No Key): 0PUZmqk55IGchhHMOIHV - Gratitude in Action Women's Group
2025-05-02T01:24:58.545Z - MARKED DUPLICATE: 0PV1uy1WDAskaakvUUgT (Key: COORD|41.67407|-72.8527|easy does it group|fri|18:00, Kept: 0NJqJIUtgvKNwTZWyl0e)
2025-05-02T01:24:58.545Z - SKIPPED (No Key): 0PVBTvaGD1rkhLl8D7yy - Reunión Viviendo Sobrio
2025-05-02T01:24:58.545Z - MARKED DUPLICATE: 0PXKvOnVIYtyRcfRKPDg (Key: LINK|us02web.zoom.us/j/84064647326?pwd=d3d6ntlwrtz1vgxzyi9wddkrdhpnzz09|georgetown noon meeting - virtual|wed|12:00, Kept: 01ad3e142b4b53c2b5608cf0)
2025-05-02T01:24:58.545Z - MARKED DUPLICATE: 0PenRln4IsuLbqbWLVTr (Key: LINK|us02web.zoom.us/j/92320914137|zoomigos group|thu|19:00, Kept: 0EzfmVfmNZFNMyAvOQTR)
2025-05-02T01:24:58.545Z - MARKED DUPLICATE: 0Pf7eSKdNrIuUlyTuDnS (Key: COORD|38.60605|-90.32946|group 1126|wed|17:30, Kept: 01ed86943120bf1ef7a97b7f)
2025-05-02T01:24:58.545Z - SKIPPED (No Key): 0PfySYnFVowg1hu1OxhZ - Galt Fellowship Sunday Morning
2025-05-02T01:24:58.546Z - SKIPPED (No Key): 0Pg1dbI7aSmsoP1VpRBh - Drummer's Big Book Group
2025-05-02T01:24:58.546Z - SKIPPED (No Key): 0Pg4gjGoMcuvKnVYGNhz - The 5th Dimension (5D) Young People's AA Group
2025-05-02T01:24:58.546Z - SKIPPED (No Key): 0Pipa5vpc76QnlpGohaO - Downtown Group
2025-05-02T01:24:58.546Z - SKIPPED (No Key): 0Pje2xotrxzBx5FYfuKF - Bellevue Do Or Die Group
2025-05-02T01:24:58.546Z - SKIPPED (No Key): 0PkSFS6vkz8imF3CCL3y - Daily Direction AA Group
2025-05-02T01:24:58.546Z - MARKED DUPLICATE: 0PkVdWC01XADYn7NPJNJ (Key: LINK|zoom.us/j/206964444|staying home derby group|fri|17:30, Kept: 0Kmj95iDwQBYzHC272oS)
2025-05-02T01:24:58.546Z - SKIPPED (No Key): 0PmHqY3dxc95i50lFlDG - South Orange Group
2025-05-02T01:24:58.546Z - SKIPPED (No Key): 0PpC0wIJruFTruRg7p21 - North Toronto Group (ONLINE)
2025-05-02T01:24:58.547Z - MARKED DUPLICATE: 0PrqsbgHDIvTG583gUzo (Key: LINK|zoom.us/j/2142647717|daily reflections women's group|wed|11:00, Kept: 0877f6e4e4615ed13e02345c)
2025-05-02T01:24:58.547Z - SKIPPED (No Key): 0PtUEgv0sIc3EicIt4Jg - Princeton Discussion Group
2025-05-02T01:24:58.551Z - MARKED DUPLICATE: 0PuNTUY2oA41Qfqw3Nx0 (Key: COORD|39.52409|-83.44374|washington court house group|mon|19:00, Kept: 03d0030cf6be5f967c378ff1)
2025-05-02T01:24:58.551Z - SKIPPED (No Key): 0PuQUTG36ZhpbCxU0EEH - Suburban Sobriety Group
2025-05-02T01:24:58.552Z - MARKED DUPLICATE: 0Q2jrsYG4B6JCoU5aJOQ (Key: COORD|40.10248|-83.01616|early bird big book group|sat|08:00, Kept: 0BiEAeUCDhQlXB3tURWf)
2025-05-02T01:24:58.552Z - SKIPPED (No Key): 0Q3cf1p296UUtu4CIF0i - Sunday Serenity Group
2025-05-02T01:24:58.552Z - MARKED DUPLICATE: 0Q5dRQdogB7js2nPHCoe (Key: COORD|39.85415|-86.11468|1st tradition group|mon|19:30, Kept: 0Fr6Hf33y8fnUPluf65U)
2025-05-02T01:24:58.552Z - SKIPPED (No Key): 0Q81S3WAymAXC4CEMuEw - Depot Bunch Group
2025-05-02T01:24:58.584Z - MARKED DUPLICATE: 0QIh2X4BmDdU4kVsyK9o (Key: COORD|32.92606|-96.46101|big book (rockwall) group|fri|12:00, Kept: 05cf8d8099c3d594bb6e5dd9)
2025-05-02T01:24:58.587Z - SKIPPED (No Key): 0QPPpN4ATpH2LskkVLQn - LOLT Fellowship
2025-05-02T01:24:58.588Z - SKIPPED (No Key): 0QPrxLUqo6FyYd4D2ZkW - Forest City Sunday
2025-05-02T01:24:58.588Z - MARKED DUPLICATE: 0QQXcQ0xKYSKC04ou27P (Key: COORD|28.09581|-80.66676|just us pickles group|mon|15:30, Kept: 0PnZnWnDB8yvWQiAakuV)
2025-05-02T01:24:58.588Z - SKIPPED (No Key): 0QUFyN6CJDwz0Zo0KPkh - Group 12
2025-05-02T01:24:58.588Z - MARKED DUPLICATE: 0QV7ZFf62wKIeNH6FfTR (Key: COORD|34.04329|-118.27436|grupo volver a nacer|tue|20:00, Kept: 05IJPLwSMPEfzZhjmlbV)
2025-05-02T01:24:58.588Z - MARKED DUPLICATE: 0QVWOnDSBcSMtVZLO4at (Key: COORD|28.55291|-81.37324|central orlando group|thu|18:00, Kept: 0OFnAFkiAQYogVMecA8X)
2025-05-02T01:24:58.590Z - SKIPPED (No Key): 0QZlK1aOQvBKnAF97HKb - The Solution Group
2025-05-02T01:24:58.590Z - MARKED DUPLICATE: 0QaKIkDyKcirpPhIcnLs (Key: COORD|40.92347|-74.66895|alive again group|sat|11:00, Kept: 0376ekRAHRbkR6tLflSM)
2025-05-02T01:24:58.590Z - MARKED DUPLICATE: 0QeebGQR6tfbNk0PAM4T (Key: LINK|zoom.us/j/7647673438|gotta stay sober group|wed|20:15, Kept: 00fbe6f589e096ca1f5074b9)
2025-05-02T01:24:58.591Z - MARKED DUPLICATE: 0Qf7XIXxGou7zxOPKWGs (Key: COORD|28.55354|-81.44663|pine hills grace group|fri|12:00, Kept: 0PR02Q1SWSJ63ofR1Qvq)
2025-05-02T01:24:58.591Z - MARKED DUPLICATE: 0QfyX31Gd6Z9slY13IqU (Key: COORD|40.43362|-79.88363|swissvale group|sat|20:00, Kept: 06EDnBInCj1xPjC04iuM)
2025-05-02T01:24:58.593Z - SKIPPED (No Key): 0QilLK9PFJ0UYZ29lDij - Out from Under Group
2025-05-02T01:24:58.594Z - SKIPPED (No Key): 0QktioA0duycgJpSVviV - Greensburg Sunday Night 12 and 12 Group
2025-05-02T01:24:58.594Z - SKIPPED (No Key): 0QmhKZLGWx93ccQjpb4X - Sunrise Speaker Meeting
2025-05-02T01:24:58.595Z - SKIPPED (No Key): 0Qukx6fCHrhyGyzObD4d - 5:15 Commuter Group
2025-05-02T01:24:58.595Z - SKIPPED (No Key): 0Qvacof5v3706rndfA4j - Sobriety at Sunrise (S.A.S.) Group
2025-05-02T01:24:58.619Z - MARKED DUPLICATE: 0QypUOd0QQ4afHZgR5hW (Key: COORD|33.04301|-96.73556|odaat group|mon|20:00, Kept: 018vhTPVIuQpAG6kjahf)
2025-05-02T01:24:58.620Z - SKIPPED (No Key): 0R0PSqjQOuYYRR7hW9z1 - First One Today Group
2025-05-02T01:24:58.621Z - MARKED DUPLICATE: 0R17coJKBTY5Mt3XoUts (Key: COORD|45.57741|-122.68832|kenton group|sat|19:00, Kept: 0406206070f72b124bd5bacc)
2025-05-02T01:24:58.621Z - MARKED DUPLICATE: 0R4zbX0PXmxD6aGfePjm (Key: LINK|us02web.zoom.us/j/89418944177?pwd=nhjqrkdlnvdkmy9valhwuwlwzmi4qt09|palos verdes men's stag hybrid|wed|19:30, Kept: 05f8c52793d78098409f8adf)
2025-05-02T01:24:58.621Z - SKIPPED (No Key): 0R5dz327A0Moyhqyjcfo - Boonton Denville Alumni Group
2025-05-02T01:24:58.623Z - MARKED DUPLICATE: 0RBCnYmqnWLxCFdFGEZP (Key: COORD|42.83498|-71.65282|out to lunch bunch group|thu|12:00, Kept: 0IATmkaYch20Qo0NlcRg)
2025-05-02T01:24:58.624Z - SKIPPED (No Key): 0RDLr4cU9UgKRcq7yEGo - Cheshire Sunday Afternoon Group
2025-05-02T01:24:58.624Z - MARKED DUPLICATE: 0REddKINlXCrsQ258uDi (Key: COORD|40.01183|-83.00882|plug in the jug group|wed|19:30, Kept: 0GcCLPB05ZV6GGRpq5br)
2025-05-02T01:24:58.624Z - SKIPPED (No Key): 0REhbntt1BcEjgdgf5q0 - The Society Group
2025-05-02T01:24:58.624Z - MARKED DUPLICATE: 0RGMpUQAAqduiZUNJMny (Key: COORD|32.96188|-96.69855|richardson group|mon|12:00, Kept: 0133cd60b1da3fc3837dc7a7)
2025-05-02T01:24:58.625Z - MARKED DUPLICATE: 0RNjxKmYVghgzQrZPj1z (Key: LINK|us02web.zoom.us/j/78970547193?pwd=dnrtqtfob3jxqmxozlpcnmtfuefbqt09|on zoom--international serenity group of aa from tampa, fl|tue|14:30, Kept: 07Z0MWBWNyzbGkBjTaoJ)
2025-05-02T01:24:58.625Z - MARKED DUPLICATE: 0RPDQBnOAqZPSbhcoVyH (Key: COORD|29.81281|-95.46511|northwest unity group|fri|18:00, Kept: 01jalEG63S3y7lSNR7qo)
2025-05-02T01:24:58.626Z - SKIPPED (No Key): 0RRuwrBjuLjdHNwxHt8T - In-Person - 12 1/2 Group
2025-05-02T01:24:58.626Z - SKIPPED (No Key): 0RXltK54UC2zaztL8sM3 - Montclair Sobriety Meditation
2025-05-02T01:24:58.626Z - MARKED DUPLICATE: 0RZRIsbTuv3Mn6f4XTc6 (Key: COORD|28.33337|-80.7345|it's never too late group|fri|12:00, Kept: 00J4OqT2PBYLTxwJuHZ8)
2025-05-02T01:24:58.626Z - SKIPPED (No Key): 0Rb1043nxlMAQ7KUOcKE - For the Fun of It Group
2025-05-02T01:24:58.627Z - MARKED DUPLICATE: 0RjEHUdSyKGF5qNAxkYc (Key: COORD|40.70622|-74.54844|basking ridge acorn group|wed|20:00, Kept: 0MLGiTxG5XxENlOnDmu6)
2025-05-02T01:24:58.627Z - MARKED DUPLICATE: 0Rk4cnJtgXBiS4HpJMMe (Key: COORD|34.3602|-84.04821|chestatee group|tue|17:30, Kept: 012bffc38768d7f197181fdb)
2025-05-02T01:24:58.627Z - SKIPPED (No Key): 0RkUsKI7WPDXJLmgN4Rm - The Lost and Found Group
2025-05-02T01:24:58.627Z - SKIPPED (No Key): 0Rkao0YGFKiSb45cUAzG - Grupo Primer Paso
2025-05-02T01:24:58.627Z - MARKED DUPLICATE: 0Rkd5CEVkSCSSgaM35eL (Key: COORD|40.24264|-79.23846|ligonier discussion group|wed|20:00, Kept: 09H6pwPNxHIEXp8qbfT6)
2025-05-02T01:24:58.627Z - MARKED DUPLICATE: 0RofGipVQWeLhpXxttVi (Key: LINK|zoom.us|rolling stone group|sat|07:30, Kept: 0659JZkIVUTAmzdba3vo)
2025-05-02T01:24:58.627Z - SKIPPED (No Key): 0RooOPWncFVAMEGzdabm - Willis Primary Purpose Group
2025-05-02T01:24:58.660Z - SKIPPED (No Key): 0RwBFNtgwZpQGzkNW6kl - North Shore Group
2025-05-02T01:24:58.664Z - SKIPPED (No Key): 0RysrVEfuOb2d8iTKXgv - Women's Drop the Rock Group
2025-05-02T01:24:58.664Z - MARKED DUPLICATE: 0S1s7lR21XkXeSn84IYw (Key: COORD|41.86734|-72.4499|tritown twelve & twelve group|tue|18:00, Kept: 0GHJeaQTUfrDi2KxL4VB)
2025-05-02T01:24:58.664Z - MARKED DUPLICATE: 0S46iqYuHSogBboFDngz (Key: COORD|41.45493|-72.81717|day by day group|tue|20:00, Kept: 0F5GuUJrvHfmvlpWZKca)
2025-05-02T01:24:58.664Z - MARKED DUPLICATE: 0S4uhxSD2qR9mklLf3x5 (Key: LINK|us02web.zoom.us/j/86855649879?pwd+ctikanrungtwzwrdr2xmwii2sstwdz09#success|early morning online group|wed|06:45, Kept: 044b1b939e34751e6a812d5c)
2025-05-02T01:24:58.665Z - SKIPPED (No Key): 0S5r8qVR1Xeq55Hn83uR - Big Book Sunday Study Group
2025-05-02T01:24:58.665Z - SKIPPED (No Key): 0SAGN4KX5k72zzWbIRGs - Flimsey Reed Big Book Studhy Group
2025-05-02T01:24:58.666Z - SKIPPED (No Key): 0SBXWRMV5pykrmFnQLsZ - Champions Group
2025-05-02T01:24:58.666Z - SKIPPED (No Key): 0SCTRNnvmgWbQsCcihAc - Road of Happy Destiny Group
2025-05-02T01:24:58.666Z - SKIPPED (No Key): 0SCXM2l0ujGmEELjHts7 - Grupo Amor Y Amistad
2025-05-02T01:24:58.667Z - SKIPPED (No Key): 0SEcwocUWlWjHMrbstzJ - Cup Of Hope Group
2025-05-02T01:24:58.667Z - MARKED DUPLICATE: 0SJEgpA8q89W6lDfpAS7 (Key: LINK|us04web.zoom.us/j/86562427482|day openers on-line group|wed|07:00, Kept: 09dRzkezTIxvQacgI9Za)
2025-05-02T01:24:58.668Z - SKIPPED (No Key): 0SMEXLN9sbPbRYQBi48g - A Way Out - IN-PERSON
2025-05-02T01:24:58.668Z - MARKED DUPLICATE: 0SNUA4K8z9ShbgxCQvPf (Key: COORD|29.80348|-95.46701|post oak group|fri|18:30, Kept: 0IrdARnY7xhla5i2beWT)
2025-05-02T01:24:58.668Z - MARKED DUPLICATE: 0SSX9rfOeNNANy1s6uSu (Key: COORD|41.57288|-72.63606|brownstone quarry group|thu|19:00, Kept: 0JJBHcRPMg3AvxpxsNl7)
2025-05-02T01:24:58.668Z - SKIPPED (No Key): 0SSbS8FZU8cKb5PMzxxr - Love And Tolerance Group
2025-05-02T01:24:58.669Z - MARKED DUPLICATE: 0SUb4QdxkA9FKWbleSth (Key: COORD|34.29777|-118.45798|grupo libertad de vivir|sat|20:00, Kept: 0KGy16pb30UQEf2CmR5I)
2025-05-02T01:24:58.669Z - MARKED DUPLICATE: 0ScT6s3IQYP4899uXnUk (Key: COORD|42.86368|-71.37624|friday night londonderry meeting group|fri|19:30, Kept: 0I2VmcXcAv8a1VxaqPxR)
2025-05-02T01:24:58.670Z - MARKED DUPLICATE: 0SdvFplKGiCZh5WFpWE5 (Key: COORD|41.79504|-87.97632|day breakers group|mon|06:30, Kept: 02Pg0yfoP6Pt0IKB3sZt)
2025-05-02T01:24:58.670Z - MARKED DUPLICATE: 0Sh4Nq8XdC9bAUYguDCZ (Key: COORD|40.94282|-74.03752|river edge group|wed|19:00, Kept: 00NzdaBcmB5UmuvanKhf)
2025-05-02T01:24:58.670Z - MARKED DUPLICATE: 0SjsYoU2UUu8JTd7kqTE (Key: COORD|35.23089|-80.83915|central group|mon|13:00, Kept: 02FKhgapn0v5LuCkVxCA)
2025-05-02T01:24:58.699Z - SKIPPED (No Key): 0SoAIl5k4fZA6goCxFu2 - Grateful Group
2025-05-02T01:24:58.699Z - SKIPPED (No Key): 0SqHegpW6RqQM9yLevVC - Acceptance Group
2025-05-02T01:24:58.699Z - MARKED DUPLICATE: 0SrPs3PnP97Cc1qquIFn (Key: LINK|us02web.zoom.us/j/87881197485?pwd=bwrmzviznxk0sdhyvmnctjdbz2hfqt09|key west 12 noon group|fri|12:00, Kept: 0258f1160838ba99d2aee3ec)
2025-05-02T01:24:58.699Z - SKIPPED (No Key): 0Ss2yqmdEucRxLj6nYTu - Bangor Step Sisters Group (Virtual)
2025-05-02T01:24:58.701Z - SKIPPED (No Key): 0StwqogGqM23N6v72T5U - Stepping Stones Group
2025-05-02T01:24:58.702Z - SKIPPED (No Key): 0SusLQFPz4LPiZhIMGlY - German Village Sunday Night Group
2025-05-02T01:24:58.702Z - MARKED DUPLICATE: 0Svk2ZNEoLFTCbm1Q7Gq (Key: COORD|39.644|-80.86193|live - come together group|wed|12:00, Kept: 08CjuQrsko7hu9MPYRS0)
2025-05-02T01:24:58.702Z - MARKED DUPLICATE: 0SxtxWopNFeh6XqfKQxM (Key: COORD|32.92606|-96.46101|big book (rockwall) group|fri|12:00, Kept: 05cf8d8099c3d594bb6e5dd9)
2025-05-02T01:24:58.704Z - SKIPPED (No Key): 0T3ztresuoh2Xh7gAIVE - Fresh Air Group
2025-05-02T01:24:58.704Z - MARKED DUPLICATE: 0T4i0B9ZmROL32VZpfX9 (Key: COORD|28.04825|-80.62238|together we can group|tue|14:30, Kept: 0MO61IoxySAR9WQI6nUb)
2025-05-02T01:24:58.704Z - MARKED DUPLICATE: 0T5zoODfLXDXmlknqo4u (Key: COORD|29.4814|-98.59365|first one today group|fri|07:00, Kept: 094EvgZRnk2ckOVrUuNB)
2025-05-02T01:24:58.705Z - SKIPPED (No Key): 0T80zEVNZMjseaVQ5CxU - Englewood Morning People's Group
2025-05-02T01:24:58.705Z - SKIPPED (No Key): 0TCYoTZmp3BB7r3xrZJ0 - After Hours Group
2025-05-02T01:24:58.705Z - SKIPPED (No Key): 0TH5cpoqIWFO1erFLBNS - Lambda Group
2025-05-02T01:24:58.705Z - MARKED DUPLICATE: 0TH80x8LZNEhKCRcQYZr (Key: COORD|40.84154|-74.28044|west essex night owls group|sat|22:30, Kept: 0164f8426563aff5afa7288a)
2025-05-02T01:24:58.706Z - SKIPPED (No Key): 0TKnHWY6NOzvWNC7C8QU - GRUPO DESPERTAR FELIZ
2025-05-02T01:24:58.706Z - SKIPPED (No Key): 0TTS31QCXGLY6isiWG1y - Dallas North Group
2025-05-02T01:24:58.706Z - MARKED DUPLICATE: 0TVTMS01Azcnjv5YN3jC (Key: COORD|40.6902|-73.50796|live & let live group|fri|20:00, Kept: 0208d23e6908640d07d377ef)
2025-05-02T01:24:58.707Z - MARKED DUPLICATE: 0TXNTDKWcQWkNc9FTzGS (Key: COORD|45.51968|-122.60001|design for living group - in person|wed|19:00, Kept: 0NtTxnEvwGu6ypYFhADJ)
2025-05-02T01:24:58.707Z - MARKED DUPLICATE: 0TYpQcV6ZfuqiC6KGJjE (Key: COORD|30.28936|-81.62427|fiesta group|thu|17:30, Kept: 0C8hJhimpvd023CwGs0y)
2025-05-02T01:24:58.707Z - SKIPPED (No Key): 0TZlE2VMgoWKrF7UzlYx - Rio Linda Fellowship
2025-05-02T01:24:58.707Z - MARKED DUPLICATE: 0TbaM5vKZtRCy8y81xgp (Key: COORD|29.52221|-98.42152|serendipity group|wed|11:00, Kept: 07QYrynpWgUwhrocl1QE)
2025-05-02T01:24:58.707Z - MARKED DUPLICATE: 0TelMZ62XmtOZHqnWzZS (Key: COORD|41.66603|-72.81162|hardware city group|tue|19:30, Kept: 0SrPQbjm1vIa3G50VrGq)
2025-05-02T01:24:58.707Z - MARKED DUPLICATE: 0Th1eUSHaGTFOYIeadlD (Key: COORD|41.67312|-73.07322|experience, strength and hope group|wed|19:00, Kept: 0InAZjid9XAeLeqCCVFB)
2025-05-02T01:24:58.708Z - SKIPPED (No Key): 0ThPPiqzQv9ncBO5YtnK - The Age Of Miracles Group
2025-05-02T01:24:58.746Z - MARKED DUPLICATE: 0Ty4F3hzAmIEB1eYGmTq (Key: COORD|42.98295|-71.44468|over easy group|sat|08:00, Kept: 08706d890f57a7d4a653ddde)
2025-05-02T01:24:58.746Z - SKIPPED (No Key): 0U54n2ghwsMEOLszcB0Z - Good Morning Group Sunday
2025-05-02T01:24:58.747Z - SKIPPED (No Key): 0UC98WWiNPE3EXtGGglY - New Hope Group
2025-05-02T01:24:58.747Z - SKIPPED (No Key): 0UEKDscnvMe2hWiXOpAf - Burgettstown In Recovery Group
2025-05-02T01:24:58.747Z - SKIPPED (No Key): 0UFevqPJAEwKk2kJDUEg - Men's Sunday Morning 12 and 12 Group
2025-05-02T01:24:58.747Z - MARKED DUPLICATE: 0UGH5yajFKnDypT5mW7S (Key: LINK|zoom.us/j/83961812127|cy-fair group online|fri|19:00, Kept: 0944e1a1a5edff3eafbe32a5)
2025-05-02T01:24:58.748Z - MARKED DUPLICATE: 0UGgWcKhiso2cukSTdno (Key: LINK|us02web.zoom.us/j/84064647326?pwd=d3d6ntlwrtz1vgxzyi9wddkrdhpnzz09|georgetown united group - hybrid**|fri|20:00, Kept: 0EW47YsGrwr5kbp4TXqR)
2025-05-02T01:24:58.748Z - MARKED DUPLICATE: 0UHwNCggmCO0wWRe0Zyv (Key: COORD|29.95309|-95.59455|cypress group|mon|12:00, Kept: 04edc31e69f195923d76f2f2)
2025-05-02T01:24:58.748Z - MARKED DUPLICATE: 0UNIVKAwxOfyRuoaHYj3 (Key: LINK|zoom.us/j/206964444|staying home derby group|fri|17:30, Kept: 0Kmj95iDwQBYzHC272oS)
2025-05-02T01:24:58.749Z - SKIPPED (No Key): 0UO0KWT5h0hhiOK7F2sE - Ward Parkway Group
2025-05-02T01:24:58.749Z - MARKED DUPLICATE: 0UOq4UBufSskZvTaZhz5 (Key: COORD|38.78174|-90.35385|group 274 new beginning|sat|18:00, Kept: 074126c30f8d471fc9bb3395)
2025-05-02T01:24:58.749Z - MARKED DUPLICATE: 0UUc4zIBC8dR9ejRUYug (Key: COORD|41.63462|-72.86841|day starters group|wed|07:00, Kept: 0Hu7CYI0p26kl6qPMFw1)
2025-05-02T01:24:58.749Z - MARKED DUPLICATE: 0UVSeMonIyfEa1ulkCDf (Key: COORD|43.01274|-88.22593|alpha tuesday group|tue|19:00, Kept: 07lD2UlZT9keR2JSndNl)
2025-05-02T01:24:58.750Z - SKIPPED (No Key): 0UaeAO98vkHAWadbt3gb - Hope - Big Book
2025-05-02T01:24:58.750Z - MARKED DUPLICATE: 0UcSHXYTZawMqrMvr6wb (Key: COORD|45.44381|-75.65922|vanier happy nooners|sat|12:00, Kept: 06b156ec13acf717de2c8f68)
2025-05-02T01:24:58.750Z - MARKED DUPLICATE: 0UePqIe9bxtWr86VzuTo (Key: COORD|38.52841|-76.98381|12 step home group|mon|17:30, Kept: 01171e86ba0fd3d5076f291b)
2025-05-02T01:24:58.750Z - SKIPPED (No Key): 0Ufz0wL00OXxmqgaVRPi - Hooked On The Book Group
2025-05-02T01:24:58.779Z - SKIPPED (No Key): 0UgujTbmujwSnyXMsKs5 - The Acceptance Group Sunday
2025-05-02T01:24:58.779Z - SKIPPED (No Key): 0Ui2gwB8cX2nNyYjsblc - Sunday Night Sunsetters
2025-05-02T01:24:58.779Z - SKIPPED (No Key): 0UjdiT8D48Xm472TpSGv - Grupo Nobleza Espiritual
2025-05-02T01:24:58.779Z - MARKED DUPLICATE: 0UkwwMzrR6femYqCYGNj (Key: COORD|35.78442|-78.52798|knightdale group|mon|19:00, Kept: 091NrLGCNVxmp5NFr40d)
2025-05-02T01:24:58.779Z - SKIPPED (No Key): 0UpAfnwPinPNcvjWitPc - Broadalbin Group
2025-05-02T01:24:58.782Z - MARKED DUPLICATE: 0UvNptOr1l1RGNAWix0f (Key: COORD|29.80565|-95.40825|heights group|thu|12:00, Kept: 0RhmfueUNZKILWNqYlns)
2025-05-02T01:24:58.782Z - SKIPPED (No Key): 0UvswGEwKEvDArtrcgKt - Beach Meeting
2025-05-02T01:24:58.782Z - SKIPPED (No Key): 0Ux7PLQu5OMauDL19gJC - Mid-Day Group
2025-05-02T01:24:58.782Z - MARKED DUPLICATE: 0V2FjbUodGLtgEpKUK7d (Key: COORD|37.79616|-97.00407|towanda group|mon|19:00, Kept: 04Gcc1szceVL6CrdK05E)
2025-05-02T01:24:58.782Z - MARKED DUPLICATE: 0V4q4feqsZTuQkbEZMfH (Key: COORD|40.56532|-74.25386|port reading thursday night group|thu|20:00, Kept: 04U91ehVUiSDZ1G5q9Wn)
2025-05-02T01:24:58.785Z - SKIPPED (No Key): 0V5DcwwNl514ZinoL02h - Tri-County Group
2025-05-02T01:24:58.785Z - SKIPPED (No Key): 0V5wj1u3Q01aFf5nASBy - 33rd Street Group
2025-05-02T01:24:58.785Z - SKIPPED (No Key): 0V6p4LlPhO3yfmpxLGyH - Sunday Night Unity Group
2025-05-02T01:24:58.785Z - MARKED DUPLICATE: 0VEMGudsQFqpAvZskKdQ (Key: COORD|40.09211|-83.04858|linworth men's discussion group|fri|12:00, Kept: 046dd00969e42bc60085ed64)
2025-05-02T01:24:58.786Z - MARKED DUPLICATE: 0VGNGac5o10DBdgpcOQ0 (Key: COORD|40.73787|-86.37477|glimmer of hope group|thu|19:30, Kept: 03b7727c91f7abc15f8324fb)
2025-05-02T01:24:58.786Z - MARKED DUPLICATE: 0VJ2ZwLwT4ABbY6hZXQK (Key: COORD|39.95556|-82.94384|aa life group|wed|17:30, Kept: 0FmFjDWMfGXIvVQySHXl)
2025-05-02T01:24:58.786Z - MARKED DUPLICATE: 0VJKXxyIlNKBHYYJqMvS (Key: COORD|35.23089|-80.83915|central group|mon|13:00, Kept: 02FKhgapn0v5LuCkVxCA)
2025-05-02T01:24:58.786Z - SKIPPED (No Key): 0VKOAwTVqNpQkRbbIfG6 - GRUPO EN ACCION DE SOUTH GATE
2025-05-02T01:24:58.786Z - MARKED DUPLICATE: 0VPGAtqAZjk8X3QFJo10 (Key: COORD|39.37045|-94.78155|platte city solutions|fri|12:00, Kept: 015aa7d3a2677792ad201565)
2025-05-02T01:24:58.812Z - MARKED DUPLICATE: 0VW1Pz4Wrbbkuwfi9js6 (Key: COORD|41.22802|-73.01318|o.m.g.i.m. group|mon|19:00, Kept: 01e668d43694a218763a41f1)
2025-05-02T01:24:58.812Z - MARKED DUPLICATE: 0VaSOHZauNLR57N465Yh (Key: COORD|40.62119|-75.37575|mustard seed group|sat|10:30, Kept: 0ANuqJisHJCHqBdQ1sqh)
2025-05-02T01:24:58.813Z - MARKED DUPLICATE: 0Vau9iFOZ4pYMrnrmEKw (Key: LINK|zoom.us/j/618275132|p28 group|mon|19:00, Kept: 0Och2ahQLIizHoyn67fV)
2025-05-02T01:24:58.813Z - SKIPPED (No Key): 0VcteV6Ql2BWTHsLMmgb - Upper Room Group
2025-05-02T01:24:58.813Z - MARKED DUPLICATE: 0VfcJBK8uFPhi2d0s9zE (Key: LINK|zoom.us/j/4229943881|clean air group|wed|12:00, Kept: 0QoCWCEHRirlc0BNCe9v)
2025-05-02T01:24:58.815Z - SKIPPED (No Key): 0VgKuTEYruULID2ksaJQ - 0N ZOOM--K.I.S.S. Group (Keep it Simply Spiritual)
2025-05-02T01:24:58.816Z - SKIPPED (No Key): 0VjMeGNAbFAyFju9RBpn - Perryton AA
2025-05-02T01:24:58.816Z - SKIPPED (No Key): 0Vk9oo6KiVXUDMTrFB3E - Maple Grove Group
2025-05-02T01:24:58.816Z - MARKED DUPLICATE: 0VnJsfVAcX1mETpqJ57r (Key: COORD|44.03413|-69.67167|fellowship group|sat|10:00, Kept: 02CwpJVPQp25HboraCuT)
2025-05-02T01:24:58.816Z - SKIPPED (No Key): 0Vnk8PjjDBUoy21fTO5a - JUST DO IT GROUP
2025-05-02T01:24:58.821Z - SKIPPED (No Key): 0VzGm52C0grQobIqjxYQ - Grupo Paz & Sobriedad.
2025-05-02T01:24:58.822Z - SKIPPED (No Key): 0VzUWCT7eWg4RWxmgzG8 - New Hope Group
2025-05-02T01:24:58.822Z - SKIPPED (No Key): 0VzagqlTqIA3U0YnwPDZ - Drop The Rock Group
2025-05-02T01:24:58.822Z - MARKED DUPLICATE: 0Vzn3tRNrsobEcvLGcBW (Key: COORD|39.98606|-82.94432|freed up group of aa|fri|19:00, Kept: 0161ad766c25f1ba2a45dc44)
2025-05-02T01:24:58.822Z - SKIPPED (No Key): 0VzpYkLEF5pxvlsNN7UN - Algoma Group
2025-05-02T01:24:58.822Z - SKIPPED (No Key): 0W18YnBDGKuYND1QVNt6 - Preston Group
2025-05-02T01:24:58.822Z - MARKED DUPLICATE: 0W3Q405bNJmqtTAJ8INu (Key: COORD|40.72016|-74.66388|peapack/gladstone group|fri|18:30, Kept: 00ihE628jHlmPl6L36ez)
2025-05-02T01:24:58.822Z - SKIPPED (No Key): 0W3hSIdc68u3etEpF9gY - CENTRAL ORLANDO GROUP
2025-05-02T01:24:58.823Z - SKIPPED (No Key): 0W5tSUBtblRQOsNneYBg - New Life Group
2025-05-02T01:24:58.823Z - SKIPPED (No Key): 0W80gnuno4JYrIKheRiA - Grupo Hay Una Solucion
2025-05-02T01:24:58.823Z - MARKED DUPLICATE: 0W8W22dTs0QYQuXXUULp (Key: COORD|39.76239|-84.18864|the all inclusive aa group|mon|19:00, Kept: 0AJ7CqV0Ib8BxlrKdZku)
2025-05-02T01:24:58.826Z - SKIPPED (No Key): 0W99iFRe8JHflhFfrDc3 - Back Room Group
2025-05-02T01:24:58.826Z - MARKED DUPLICATE: 0WAyXe8XBDlFqRd2Pe3B (Key: COORD|41.28247|-72.6807|joy of living group|wed|07:30, Kept: 0G2P4rLd5Q4eJRUi74n3)
2025-05-02T01:24:58.826Z - MARKED DUPLICATE: 0WE1J09GOSdEfTa92wOG (Key: COORD|40.3447|-79.96966|sister ignatia group|fri|20:00, Kept: 03hmpH7wWF6aonvmEYPx)
2025-05-02T01:24:58.826Z - MARKED DUPLICATE: 0WG4by98JeNLyIpohmWu (Key: COORD|39.93766|-82.97265|last chance group|mon|19:30, Kept: 06rPkysbDzfogqozYwva)
2025-05-02T01:24:58.826Z - MARKED DUPLICATE: 0WGp5YXfG9he3Spxhl9u (Key: COORD|37.68849|-120.95716|northside fellowship|sat|11:00, Kept: 021d8d5963db4fa5c5b4f3fe)
2025-05-02T01:24:58.826Z - MARKED DUPLICATE: 0WHIjuQg7yqhdhS2siCq (Key: COORD|43.33412|-79.89257|rock chapel group|wed|20:00, Kept: 05vl7IuGgrHvKi4E7O1U)
2025-05-02T01:24:58.827Z - SKIPPED (No Key): 0WHpwOAyNQBnPObIVu41 - The Serenity Group
2025-05-02T01:24:58.851Z - SKIPPED (No Key): 0WIsbECVponZqitZrtJo - Group 19
2025-05-02T01:24:58.851Z - SKIPPED (No Key): 0WJJ4taSy8NiWv9j2yVF - The God Meeting Group
2025-05-02T01:24:58.852Z - MARKED DUPLICATE: 0WPRqBC7QXMQAlkgeHEv (Key: COORD|45.54047|-73.61227|accion de gracias|tue|19:00, Kept: 09d32a93a192c5ff87da42e9)
2025-05-02T01:24:58.852Z - SKIPPED (No Key): 0WPWoqlk0Uos1xA1kW3x - Sunday Reflections Group
2025-05-02T01:24:58.852Z - MARKED DUPLICATE: 0WPrJfUABBUV7dvlMeoe (Key: COORD|33.53035|-81.72447|aiken women (p)|sat|10:00, Kept: 024c316dd52974cb2a586c17)
2025-05-02T01:24:58.852Z - SKIPPED (No Key): 0WUOPf7NcyAjvenI1S4L - Solutions Group At Mariners
2025-05-02T01:24:58.852Z - SKIPPED (No Key): 0WW9xR5nWlNBFJk8QdSv - Online Last Call Group
2025-05-02T01:24:58.852Z - MARKED DUPLICATE: 0WWY7YA98dN9lDGc96F8 (Key: COORD|33.97498|-84.3526|happiness group|sat|13:00, Kept: 047dc88bf84e80bbfc8b8296)
2025-05-02T01:24:58.853Z - MARKED DUPLICATE: 0WZcVZntjifdfzFtil3e (Key: COORD|41.57925|-73.42589|serenity at sunrise group|thu|07:30, Kept: 0AJccl2bbJSOGJvaTmK0)
2025-05-02T01:24:58.853Z - MARKED DUPLICATE: 0WcglWrDvfw5sViTFZRN (Key: COORD|46.59253|-120.52175|grupo 30 de julio|wed|19:00, Kept: 01a2783c999238ee0423fde9)
2025-05-02T01:24:58.853Z - MARKED DUPLICATE: 0WfxJEM531kI4Idgncfx (Key: COORD|28.03897|-82.50419|on the way home group|tue|17:30, Kept: 00BHha8sLzoKMx1ctzdY)
2025-05-02T01:24:58.853Z - MARKED DUPLICATE: 0WgVdJ8Mee6iLAnBwP7J (Key: COORD|40.39951|-80.18406|oakdale beginners group|mon|11:30, Kept: 04MJXx5WgHa5UVvNbfGY)
2025-05-02T01:24:58.853Z - MARKED DUPLICATE: 0WgprmXBzXhN4e3lxGsr (Key: COORD|29.95309|-95.59455|cypress group|tue|12:00, Kept: 01be5ce3599cd4b8f49170b2)
2025-05-02T01:24:58.854Z - SKIPPED (No Key): 0WidRMz4Q036NnbD5BfK - Liberty Group
2025-05-02T01:24:58.854Z - SKIPPED (No Key): 0WlPYNwd3Fc3ktcIooEW - Lisle Sunday Night Big Book Group
2025-05-02T01:24:58.854Z - SKIPPED (No Key): 0WlSvuFse0zeVWREZ9yv - In The Heat Of Recovery Group
2025-05-02T01:24:58.854Z - MARKED DUPLICATE: 0Wmf3be71WygCh8WaLPz (Key: COORD|35.15764|-80.77721|essentials group|tue|20:00, Kept: 0HPu91rsBO1WmPVTrBff)
2025-05-02T01:24:58.859Z - MARKED DUPLICATE: 0Wr8Pg3NjWGGSJBsyLv7 (Key: COORD|40.29992|-83.07016|delaware aa noon group|mon|12:00, Kept: 0VdqgQNxilrJBiwsmmDK)
2025-05-02T01:24:58.859Z - MARKED DUPLICATE: 0WtRqhQQp6lPoPChnHM6 (Key: LINK|zoom.us/j/3077839250|way of life group|sat|14:00, Kept: 056602e0f703f077b275d19f)
2025-05-02T01:24:58.860Z - MARKED DUPLICATE: 0WyvQ58KW2O4wuzAd4va (Key: COORD|40.33603|-80.04805|pittsburgh 164 group|wed|19:30, Kept: 00NFcneXAndcYjFogBGx)
2025-05-02T01:24:58.860Z - MARKED DUPLICATE: 0X2vsWMeSpQYy22YVA2K (Key: COORD|40.44196|-80.02291|welcome home group|mon|12:00, Kept: 0491d12cf752e4ec7bfe175e)
2025-05-02T01:24:58.861Z - SKIPPED (No Key): 0X42r1iGUuTV1WIa0vxI - Guadalupe Group
2025-05-02T01:24:58.861Z - MARKED DUPLICATE: 0X5VCpmuhx7M9kte4K1I (Key: COORD|41.66928|-72.94867|happy hour group|tue|17:30, Kept: 0UNbQAvShZLo7JQckC9G)
2025-05-02T01:24:58.861Z - MARKED DUPLICATE: 0X6r3S7M8IAA1v88J2N8 (Key: COORD|30.13561|-81.80029|sojourn group|tue|20:00, Kept: 05e8ee54eb746a8861e19d0d)
2025-05-02T01:24:58.861Z - MARKED DUPLICATE: 0XBGmi11MIgI3NRFymli (Key: COORD|38.28164|-85.62874|monday grapevine tj group|mon|18:00, Kept: 0ToQ20gRvs1Z9KQD93Sc)
2025-05-02T01:24:58.888Z - MARKED DUPLICATE: 0XEfunO0X3aUgyhTs2iW (Key: COORD|29.81281|-95.46511|northwest unity group|fri|18:00, Kept: 01jalEG63S3y7lSNR7qo)
2025-05-02T01:24:58.888Z - MARKED DUPLICATE: 0XFGFRRI8VXk9JIh7xZR (Key: COORD|40.39393|-74.11833|middletown morning meeting|wed|07:00, Kept: 070b5c735d9fa831631d65fb)
2025-05-02T01:24:58.889Z - MARKED DUPLICATE: 0XHcKH5b17nMmscOrVt1 (Key: COORD|37.68463|-97.31691|parklane group|sat|16:00, Kept: 0QS7ifyFXYH9wkCbGOJt)
2025-05-02T01:24:58.889Z - SKIPPED (No Key): 0XKBROc76KaR1B0US45g - Welcome Home Group
2025-05-02T01:24:58.889Z - MARKED DUPLICATE: 0XKClJwiexKpyxIb5wXR (Key: COORD|40.37327|-80.08522|unity 12 step group|thu|19:30, Kept: 035P6bmJ6uZEV0jvldEC)
2025-05-02T01:24:58.889Z - MARKED DUPLICATE: 0XNW7apMYDwzA0kUH02V (Key: LINK|zoom.us/j/981518576|industrial group|tue|19:00, Kept: 0MZZ8aDK2SqKomrWN0Mo)
2025-05-02T01:24:58.890Z - MARKED DUPLICATE: 0XOYGN57t8ASzMGfrAXE (Key: COORD|40.78888|-74.15269|belleville recovery hall group|wed|12:00, Kept: 0HNTYbW8GCUUZeSdUVUA)
2025-05-02T01:24:58.890Z - MARKED DUPLICATE: 0XOuBaU74ynoXFPcukXi (Key: COORD|44.24448|-88.37053|design for living group - confirmed in person|wed|10:00, Kept: 001536110d7e17860d9b4095)
2025-05-02T01:24:58.890Z - SKIPPED (No Key): 0XP8mb1837mmmaHlPAf6 - Freehold Sat-Sun Group
2025-05-02T01:24:58.890Z - MARKED DUPLICATE: 0XQdLBdgWIKLhFUQCCoK (Key: LINK|us02web.zoom.us/j/81330916999?pwd=zlivvejrz2q1ali3uxv6dny5ywvyzz09|new paltz nooner group|wed|12:30, Kept: 0JLAJ0qJ7rqvZDyUsFq5)
2025-05-02T01:24:58.890Z - MARKED DUPLICATE: 0XVkC4AJz23Z9KyHrA6k (Key: COORD|40.37327|-80.08522|unity 12 step group|thu|19:30, Kept: 035P6bmJ6uZEV0jvldEC)
2025-05-02T01:24:58.890Z - MARKED DUPLICATE: 0XW4Q7B7mZ6M4ia3GP40 (Key: COORD|27.7768|-82.63986|st pete group|sat|18:00, Kept: 02f43d31ebbc1f26f585eec4)
2025-05-02T01:24:58.890Z - MARKED DUPLICATE: 0XWLW6mRLypMP7CeBajo (Key: COORD|29.78794|-95.8216|happy hump day group|wed|17:30, Kept: 01d700cf41551aa18dd13b21)
2025-05-02T01:24:58.890Z - SKIPPED (No Key): 0XWpywQk5PVNjwo2Tz49 - Sunday Beginners Group
2025-05-02T01:24:58.890Z - SKIPPED (No Key): 0XYdeW5nRgED0WePR71D - South Kansas City Group
2025-05-02T01:24:58.890Z - MARKED DUPLICATE: 0XZTbyxqpSWdjEkjDVDc (Key: LINK|us02web.zoom.us/j/409029836?pwd=bvyrl3jpn2veu041n3dquvg1wumxzz09|wake-up call group|tue|07:00, Kept: 03c768458f8d574aa76d2565)
2025-05-02T01:24:58.895Z - MARKED DUPLICATE: 0XauHKSRBETyABGdavbM (Key: COORD|40.98228|-74.12783|saturday night recovery group|sat|19:30, Kept: 0H4zISK5tKcXo56ZvA4d)
2025-05-02T01:24:58.895Z - SKIPPED (No Key): 0XdA7aqmaC6CzGKadOQC - Back To The Basics Group
2025-05-02T01:24:58.895Z - MARKED DUPLICATE: 0XebBRKcmIKBVGftDmtI (Key: LINK|us02web.zoom.us/j/85338139983?pwd=etbhcklrb3hbuzf3sfc1clbssmrtzz09|highland womens group (online)|thu|19:00, Kept: 0OIQG2XDUQeZQpKqMko8)
2025-05-02T01:24:58.895Z - SKIPPED (No Key): 0XfWq8moyn5EJ4oRsxiN - On Awakening Group
2025-05-02T01:24:58.895Z - MARKED DUPLICATE: 0XffL7qvFY9co3FyV6G3 (Key: COORD|37.33673|-85.33963|105 group|sat|18:00, Kept: 056b8de6a6e76e0d5d40c75e)
2025-05-02T01:24:58.895Z - MARKED DUPLICATE: 0XiD4EShGeTACBvypwZb (Key: COORD|40.28119|-80.1075|mcmurray womens as bill sees it group|thu|19:00, Kept: 0HnkVTgqQDjCfTTUTCib)
2025-05-02T01:24:58.895Z - SKIPPED (No Key): 0XjG20h90WFdcgYxB4PG - Sunday Morning Day Break Group
2025-05-02T01:24:58.895Z - MARKED DUPLICATE: 0XkLVos3mSfY4Uot9cgK (Key: COORD|28.55291|-81.37324|central orlando group|tue|18:00, Kept: 0CV3YlbQVjio9ZHDzwgY)
2025-05-02T01:24:58.895Z - MARKED DUPLICATE: 0XmLDBaSx3FItOD4mzyC (Key: COORD|42.96965|-81.2169|chelsea green group - primary purpose study group|mon|18:00, Kept: 070TPRzJIH3DX2Ed67ir)
2025-05-02T01:24:58.895Z - MARKED DUPLICATE: 0XooRJZwpEPfWiDOwF1W (Key: COORD|40.62908|-80.06663|wexford saturday night group|sat|20:00, Kept: 0CJfh9lWwWGo5M1j2SvZ)
2025-05-02T01:24:58.895Z - MARKED DUPLICATE: 0XopP3DpHNV9REGXMSPW (Key: COORD|47.65353|-122.68961|chico creek group|sat|19:00, Kept: 09yxkefPA4tPWJ9uP6zQ)
2025-05-02T01:24:58.896Z - MARKED DUPLICATE: 0XvfIrapTWvSHmIMJY4m (Key: COORD|40.44556|-80.06647|alcoholics group|fri|19:30, Kept: 09K18B94AMNqZwmXhtDd)
2025-05-02T01:24:58.896Z - MARKED DUPLICATE: 0XwUmalOLabSMVs5nYhd (Key: LINK|zoom.us/j/581777133|salvation step group|wed|19:30, Kept: 0XFhlK5XJn1ysDhAhowd)
2025-05-02T01:24:58.896Z - MARKED DUPLICATE: 0XxRXLSBtKMCRcBuosNR (Key: COORD|40.37367|-80.04827|friday night irregulars group|fri|20:00, Kept: 06xqd76f9k118mO8syyd)
2025-05-02T01:24:58.995Z - SKIPPED (No Key): 0Y0i6p9bD5GLz1gnU4aF - Genesis Group
2025-05-02T01:24:58.996Z - MARKED DUPLICATE: 0Y1yh95mlmAW3Tp0FfuD (Key: COORD|27.40821|-80.32528|kiss group|mon|09:00, Kept: 0QSuBmkOKR0wBCs5S1Wj)
2025-05-02T01:24:58.996Z - SKIPPED (No Key): 0Y4Zyc289NBUDcDaQ3Sp - Triangle Fellowship Noon *Attendance Confirmation Available*
2025-05-02T01:24:58.997Z - MARKED DUPLICATE: 0Y6CA1u44R17HeMcUf1T (Key: COORD|42.03132|-97.41066|happy hour group|tue|17:15, Kept: 049b31d75b5ed62afe761dfe)
2025-05-02T01:24:58.997Z - MARKED DUPLICATE: 0Y6lpsKPReUyc5KToCFf (Key: COORD|38.6722|-77.26081|morning commitment hour group|thu|08:00, Kept: 0AJIrtBrSrLQVtYXzTqs)
2025-05-02T01:24:58.997Z - MARKED DUPLICATE: 0Y7kMmQK3bI8jO3wETGK (Key: COORD|38.9609|-94.73663|lenexa group "little house"|wed|18:30, Kept: 07dTgpCyynffYKiAPPx1)
2025-05-02T01:24:58.998Z - SKIPPED (No Key): 0YAwmD8x7cIq76U0yj8w - Come as you are Grapevine Group
2025-05-02T01:24:58.998Z - SKIPPED (No Key): 0YERFrzVUxAKYC8luA7E - Coffee Pot Group
2025-05-02T01:24:58.999Z - SKIPPED (No Key): 0YEpERH3EgPW78MHTjQe - Monroe No Butts Group
2025-05-02T01:24:58.999Z - MARKED DUPLICATE: 0YGHOYlBQCUG5ubprLuK (Key: COORD|29.52221|-98.42152|serendipity group|mon|11:00, Kept: 00O4snlgGVyXx6ey80TN)
2025-05-02T01:24:58.999Z - MARKED DUPLICATE: 0YKXk3RCkT5zxEqrMBWA (Key: COORD|41.52083|-90.57237|freedom group|wed|20:00, Kept: 089f5b0ae321c0e544727955)
2025-05-02T01:24:58.999Z - MARKED DUPLICATE: 0YLtuAyAkRBcq18HyD4i (Key: COORD|41.28247|-72.6807|joy of living group|fri|07:30, Kept: 09197d996d2d1b5fd7336ec1)
2025-05-02T01:24:59.000Z - SKIPPED (No Key): 0YLzHE7hvogNMzflJzjb - Grupo Nuevo Amanecer
2025-05-02T01:24:59.000Z - SKIPPED (No Key): 0YMzskAGVgahWqM2i7Z8 - White House Group
2025-05-02T01:24:59.000Z - MARKED DUPLICATE: 0YQ6PPlnU7uJtx0owA2S (Key: COORD|39.01946|-77.41031|stepping stones men's group|fri|20:30, Kept: 0SSjxCyPA75sAHFqO8O2)
2025-05-02T01:24:59.001Z - SKIPPED (No Key): 0YRSoWOEiWHNxaQieCV4 - Out of the Dark Group
2025-05-02T01:24:59.001Z - MARKED DUPLICATE: 0YT7iG2a4qzs2HuVBIwo (Key: COORD|41.2513|-74.35004|forester ave big book group|mon|19:30, Kept: 0ExhEQNL2ClYMvHC2caY)
2025-05-02T01:24:59.001Z - MARKED DUPLICATE: 0YXcoydeBUM5Zx6zEkz2 (Key: LINK|zoom.us/j/767715586|avalon happy hour group|mon|17:30, Kept: 0XFlKwACBBwNaihIeqRZ)
2025-05-02T01:24:59.001Z - MARKED DUPLICATE: 0YY3IlSq0pnVCBw4xLe3 (Key: COORD|38.22455|-85.69258|loop group|mon|18:00, Kept: 0100W1LEJL0PNg8q5ylY)
2025-05-02T01:24:59.002Z - MARKED DUPLICATE: 0YaEbuCASMjCheyUIsoe (Key: COORD|44.92748|-93.39333|beltline mon. 5:00 mens group|mon|17:00, Kept: 0W3qLRwIo3rYCfUiTzis)
2025-05-02T01:24:59.002Z - MARKED DUPLICATE: 0YbM2yaBhBVYpINSi4Lz (Key: COORD|37.76099|-122.15134|first friday speaker meeting *attendance confirmation available*|fri|19:00, Kept: 087382262115af7169fde148)
2025-05-02T01:24:59.002Z - SKIPPED (No Key): 0YbelwjNvZTVbWkLQi1g - Sandpiper Group
2025-05-02T01:24:59.002Z - MARKED DUPLICATE: 0YeKYfLIR5KqYc944rC3 (Key: COORD|41.00186|-75.17415|serenity house group|wed|17:30, Kept: 0SsQV078a6xNMxvkKOGc)
2025-05-02T01:24:59.002Z - SKIPPED (No Key): 0Yf6fx0r9N7TWRzo9BWi - South Nashua Today Group
2025-05-02T01:24:59.003Z - MARKED DUPLICATE: 0YfCYZegMffobmnxX0r9 (Key: COORD|29.51192|-98.50024|group 12|tue|14:30, Kept: 04b3d92aa6081dbc76a3ce5c)
2025-05-02T01:24:59.003Z - MARKED DUPLICATE: 0YiFZGkuisQwHu3ueWFL (Key: COORD|35.44039|-97.40153|old homestead group|fri|17:30, Kept: 0HaQoxSTo24zsmFeZq8u)
2025-05-02T01:24:59.003Z - SKIPPED (No Key): 0YiHPfBQue8PMMDFil8t - New Beginnings Group
2025-05-02T01:24:59.003Z - SKIPPED (No Key): 0Yk3reCnCHI1jkkKBJpo - Just Us Pickles Group
2025-05-02T01:24:59.003Z - MARKED DUPLICATE: 0YkhuATeN9qerNuOVBkz (Key: LINK|us02web.zoom.us/j/7951985539|welcome home zoom group|sat|19:00, Kept: 05a2cbb25067c8db15e9c447)
2025-05-02T01:24:59.003Z - SKIPPED (No Key): 0YkxVKxWNHISDA2jmOsQ - The Solution Group
2025-05-02T01:24:59.039Z - MARKED DUPLICATE: 0YyEsiFZTcHVpUPDGonz (Key: COORD|32.74377|-96.83738|bishop arts group|wed|12:00, Kept: 07EAySSEQVkhIY2ZrKCF)
2025-05-02T01:24:59.039Z - MARKED DUPLICATE: 0Z23HFHaZP3nQnSvC9DD (Key: COORD|29.96187|-95.52766|duncan road group|tue|18:30, Kept: 0Oo5SrOTLbXnjV3b1Est)
2025-05-02T01:24:59.039Z - MARKED DUPLICATE: 0Z7d3Mwhqp4U1pAy1kfU (Key: COORD|41.97491|-87.74981|spiritual beginners group|tue|19:00, Kept: 099a8177e0d579a3dee1fd21)
2025-05-02T01:24:59.040Z - SKIPPED (No Key): 0Z8IZkQaZMMuNsLoLmLK - Dallas North Group
2025-05-02T01:24:59.040Z - MARKED DUPLICATE: 0Z9uhdvyyApgwuphOkb6 (Key: COORD|38.70476|-76.53358|north beach tuesday big book|tue|18:00, Kept: 09aa699f8388d2f041f35101)
2025-05-02T01:24:59.040Z - MARKED DUPLICATE: 0ZAWPmoB8j7LSNh9PjfO (Key: COORD|40.62908|-80.06663|wexford saturday night group|sat|20:00, Kept: 0CJfh9lWwWGo5M1j2SvZ)
2025-05-02T01:24:59.041Z - SKIPPED (No Key): 0ZCwqrveYOqI1KH2SQ9O - Good Morning Group
2025-05-02T01:24:59.042Z - SKIPPED (No Key): 0ZEBaZyWLKTypLMIOSjl - Addison Group
2025-05-02T01:24:59.042Z - MARKED DUPLICATE: 0ZI0cLyW4cA4I1LG9Rxk (Key: COORD|38.41778|-122.54965|kenwood group|wed|19:30, Kept: 09bf8639d43333e801d02eee)
2025-05-02T01:24:59.042Z - SKIPPED (No Key): 0ZIWJ4L9500i3E5phynj - Welcome Home Group
2025-05-02T01:24:59.042Z - MARKED DUPLICATE: 0ZKH8XbcGCQHhqxjJsWL (Key: COORD|42.98295|-71.44468|over easy group|sat|08:00, Kept: 08706d890f57a7d4a653ddde)
2025-05-02T01:24:59.042Z - MARKED DUPLICATE: 0ZLFXuIY9mj34qd3vhSu (Key: LINK|zoom.us/j/2142647717|daily reflections women's group|wed|11:00, Kept: 0877f6e4e4615ed13e02345c)
2025-05-02T01:24:59.043Z - MARKED DUPLICATE: 0ZOTVnhnCV1uOK4aca9L (Key: COORD|28.7121|-82.56766|no name group|wed|19:00, Kept: 09drF2v0y90kKrnv1oy3)
2025-05-02T01:24:59.043Z - MARKED DUPLICATE: 0ZPYaZMf1SIoBP7aGCow (Key: COORD|40.00138|-85.74219|pendleton discussion group|wed|19:00, Kept: 06ad37ec6d91f6d0089a13d3)
2025-05-02T01:24:59.043Z - MARKED DUPLICATE: 0ZQAcbfDcYvoiFdhcLWT (Key: COORD|28.74014|-81.11561|geneva trailblazer group|tue|19:00, Kept: 0DhOLn2beF2P9US5oCYS)
2025-05-02T01:24:59.043Z - SKIPPED (No Key): 0ZS0o2VqJT6kq6TOBlHG - Post Oak Group
2025-05-02T01:24:59.043Z - MARKED DUPLICATE: 0ZSsWw0tjgR10koXhmyN (Key: COORD|27.86044|-82.72825|the 49'ers group|thu|19:00, Kept: 0BPw47vJdBOts2rudQnC)
2025-05-02T01:24:59.043Z - SKIPPED (No Key): 0ZTQmBN9FZz1lqzzEfug - Dickson Group
2025-05-02T01:24:59.044Z - SKIPPED (No Key): 0ZU7n5nZInBpmSGF404R - Dallas North Group
2025-05-02T01:24:59.044Z - SKIPPED (No Key): 0ZUiXH5ItObypvna8QbD - Action Group 12 & 12
2025-05-02T01:24:59.044Z - MARKED DUPLICATE: 0ZV8SJvuM5G4cZpFObJP (Key: COORD|33.94961|-78.48268|grissettown group|tue|20:00, Kept: 0CdV0kDws8ZjWvahiQqX)
2025-05-02T01:24:59.044Z - MARKED DUPLICATE: 0ZWRcIYrSPpBGcjpP19p (Key: COORD|28.13853|-80.59728|conscious contact group|mon|12:00, Kept: 03zqe5Fuokk3U3a5H684)
2025-05-02T01:24:59.044Z - SKIPPED (No Key): 0ZWTFahOYQdzsyXbhZRU - Burgettstown In Recovery Group
2025-05-02T01:24:59.044Z - MARKED DUPLICATE: 0ZahZrleI2ajDmmuQpQ1 (Key: COORD|32.98178|-96.80236|georgetown group|sat|09:00, Kept: 0BnP9qsRrkowDgylAg8y)
2025-05-02T01:24:59.044Z - MARKED DUPLICATE: 0Zb8riFoeNxxoFJ2OaAo (Key: COORD|40.63199|-74.13211|staten island foggy bottoms group|tue|20:00, Kept: 023dca2ba5d8d8023ee0d8d0)
2025-05-02T01:24:59.045Z - MARKED DUPLICATE: 0ZbZxmyH1A3UKDFZbeoI (Key: LINK|zoom.us/j/195090181|one step at a time group|tue|19:00, Kept: 0AXlcrbiGFLphlhAiIoJ)
2025-05-02T01:24:59.045Z - MARKED DUPLICATE: 0ZdtrPwu1pL2YQ4UfqKw (Key: COORD|40.06292|-83.01621|men's group|sat|12:00, Kept: 030941c420e2e2fbe81df51e)
2025-05-02T01:24:59.077Z - SKIPPED (No Key): 0ZgTq4e4I7kqmgoXcTVU - West End Group
2025-05-02T01:24:59.078Z - MARKED DUPLICATE: 0Zim4ocCOUoweVaFJm2n (Key: COORD|40.81618|-74.12339|lyndhurst but for the grace of god group|wed|12:00, Kept: 0KlWmHgeZXKFfiWUDArs)
2025-05-02T01:24:59.078Z - MARKED DUPLICATE: 0ZjZBiIQDUXgLBZdvdOH (Key: COORD|41.40909|-91.08043|aa on houser group|mon|19:00, Kept: 0IrXxtv7o82QMPLkKfJ9)
2025-05-02T01:24:59.078Z - SKIPPED (No Key): 0ZkjrqRyicSf0kSx1j62 - Mustang Group
2025-05-02T01:24:59.078Z - MARKED DUPLICATE: 0ZmeIrU26fihL8PWIW5r (Key: COORD|41.50983|-73.97361|something simple group|tue|19:00, Kept: 0Vr0LIOAMHIpncIQw1iW)
2025-05-02T01:24:59.078Z - MARKED DUPLICATE: 0ZroCylR3KfrFlgw4ecS (Key: COORD|36.00542|-86.50686|smyrna gratitude group|tue|17:30, Kept: 0VBGHbfvx3B0JDZPBbSm)
2025-05-02T01:24:59.078Z - MARKED DUPLICATE: 0Zsp4rF8Ti5XSGPvTyjM (Key: COORD|40.72016|-74.66388|peapack/gladstone group|fri|18:30, Kept: 00ihE628jHlmPl6L36ez)
2025-05-02T01:24:59.079Z - MARKED DUPLICATE: 0Zuq6gfsJEv5b4VWGrNW (Key: COORD|32.80464|-96.77778|ross avenue group|tue|07:00, Kept: 0FDtYQcCZXuELQfT7RC9)
2025-05-02T01:24:59.111Z - SKIPPED (No Key): 0a0vgXcJ7WctVtDMiS9l - Family Afterward Group
2025-05-02T01:24:59.149Z - MARKED DUPLICATE: 0a190f8814355103fcf92302 (Key: COORD|37.75695|-77.48009|hanover-ashland group|mon|19:30, Kept: 0A6EBmlpfECeoFqp2oxz)
2025-05-02T01:24:59.150Z - MARKED DUPLICATE: 0a1Rse7J0RdFMJky7iH5 (Key: COORD|34.3602|-84.04821|chestatee group|fri|12:00, Kept: 046fc6d326af10a6e094d6e2)
2025-05-02T01:24:59.154Z - MARKED DUPLICATE: 0a2c62efab54a7c7438d622b (Key: COORD|35.26161|-97.46434|norman original group|sun|10:30, Kept: 0Ajp2HdH2xpfrpbJxn8U)
2025-05-02T01:24:59.154Z - MARKED DUPLICATE: 0a2d2f82ffd6c2d3944cba86 (Key: COORD|40.41253|-74.10069|middletown belford clearview group|tue|18:30, Kept: 0KsTfIshceUj7AL0qd3Q)
2025-05-02T01:24:59.274Z - MARKED DUPLICATE: 0a3fac72b15208682e019c72 (Key: COORD|41.46658|-81.20685|newbury sunday|sun|20:00, Kept: 0LWeIs8JWzDrMx9tm9Pv)
2025-05-02T01:24:59.275Z - MARKED DUPLICATE: 0a4509bd6659610f1cdebafa (Key: COORD|34.00778|-118.26502|grupo fuente de vida|mon|20:00, Kept: 0WIACxx0wlZugJOc4czy)
2025-05-02T01:24:59.276Z - MARKED DUPLICATE: 0a4ee68696c675e6ff514ff0 (Key: COORD|39.78295|-86.01949|sun. nite st. simon group|sun|20:00, Kept: 059417ddaeea16aab8a029ba)
2025-05-02T01:24:59.276Z - MARKED DUPLICATE: 0a4fce0b04af7610b08d1309 (Key: COORD|40.78888|-74.15269|belleville recovery hall group|sat|19:00, Kept: 0H1WdO5N30Ef5xWezDJH)
2025-05-02T01:24:59.320Z - MARKED DUPLICATE: 0a59cloeiPmAWgBBTcjT (Key: COORD|35.44534|-97.43562|del city common welfare group|thu|18:00, Kept: 0DWqLoyO3VPncPkZkBX3)
2025-05-02T01:24:59.320Z - MARKED DUPLICATE: 0a5RCXe2geHNyDkrbllx (Key: COORD|27.30612|-80.3825|last call group|thu|19:30, Kept: 0NdKxn4xNDiexhPhSzDQ)
2025-05-02T01:24:59.324Z - MARKED DUPLICATE: 0a6664f67b97e999831bbe02 (Key: COORD|41.45493|-72.81717|day by day group|tue|20:00, Kept: 0F5GuUJrvHfmvlpWZKca)
2025-05-02T01:24:59.324Z - MARKED DUPLICATE: 0a66a3e2bbba5563c49245ab (Key: COORD|33.4765|-88.40226|happy hour group|mon|17:30, Kept: 0AH4XtDCP9on9eGhtn17)
2025-05-02T01:24:59.361Z - SKIPPED (No Key): 0a7WArF3QMLFYh3xeGpt - Online Last Call Group
2025-05-02T01:24:59.362Z - MARKED DUPLICATE: 0a7a22e883d686fa6a6bdaa2 (Key: COORD|34.2631|-118.79209|way of life group|fri|19:00, Kept: 0DT1LnSw5WzjDWpapB3o)
2025-05-02T01:24:59.363Z - MARKED DUPLICATE: 0a818c1fe7ce3f8673e92438 (Key: COORD|34.97232|-80.53226|sunset group|mon|12:00, Kept: 00ySsZFR4GI0hRBM00k4)
2025-05-02T01:24:59.364Z - MARKED DUPLICATE: 0a8b0c237edfb8f6309b9f77 (Key: COORD|31.86953|-106.42667|day breakers|thu|06:30, Kept: 0719b7ccac2f6fbea3244014)
2025-05-02T01:24:59.407Z - MARKED DUPLICATE: 0aAuzdb36r1SFIDYCPXy (Key: COORD|28.39221|-80.60452|cape canaveral group|sat|19:00, Kept: 0XcbLkyFFL9aBo3bNljH)
2025-05-02T01:24:59.407Z - SKIPPED (No Key): 0aC9RyxhL3qbZH21lcJ3 - Solid Sobriety Breakfast
2025-05-02T01:24:59.408Z - MARKED DUPLICATE: 0aKBCKFsHg6tZAZUoQZI (Key: COORD|41.66928|-72.94867|happy hour group|sat|10:00, Kept: 013105aacde0045b0799f4f3)
2025-05-02T01:24:59.408Z - SKIPPED (No Key): 0aKGlmo1gKWA8cEAF6GF - South Nashua Today Group
2025-05-02T01:24:59.408Z - MARKED DUPLICATE: 0aKsrsb3IVvlz8hVslt5 (Key: COORD|43.17777|-76.11924|in-person - living sober|mon|12:00, Kept: 01OMOjZvBe8cKndSZZgy)
2025-05-02T01:24:59.410Z - SKIPPED (No Key): 0aLN7CcIoSNX4VkwpQbK - Welcome Home Group
2025-05-02T01:24:59.411Z - MARKED DUPLICATE: 0aNG8CROtwkzlUYM8CzJ (Key: COORD|41.60234|-73.97451|hard to be humble group|wed|19:00, Kept: 0646d0446c5e8bc74ff5a3fe)
2025-05-02T01:24:59.411Z - SKIPPED (No Key): 0aNGEG5c77CLDkF6rQD0 - Brunch Bunch Group
2025-05-02T01:24:59.414Z - SKIPPED (No Key): 0aPADZ1sj142BrYfRR35 - HICKORY GROVE GROUP
2025-05-02T01:24:59.414Z - SKIPPED (No Key): 0aPc2tJN6HuFM6El0iEO - Sunday Morning Live Group
2025-05-02T01:24:59.414Z - MARKED DUPLICATE: 0aQRYSvGdJgo4tb3dvPv (Key: COORD|29.83503|-95.37852|25th hour group|fri|20:00, Kept: 09xxlMSk9cCB10BpFT9X)
2025-05-02T01:24:59.414Z - MARKED DUPLICATE: 0aRn12ygzfFaV0lrZLkN (Key: COORD|39.6005|-82.94742|circleville tuesday noon group|tue|12:00, Kept: 0A1ZHRcBi2dUHD7fTOtm)
2025-05-02T01:24:59.414Z - MARKED DUPLICATE: 0aS1NQLWB6C8dhjkHlBf (Key: COORD|32.80464|-96.77778|ross avenue group|thu|12:00, Kept: 079sPJUOYxNDtI1ckoyY)
2025-05-02T01:24:59.415Z - SKIPPED (No Key): 0aSloiabaMhxsS5v7mtl - ZOOM ONLY - Sober Sisters Of The Garden Variety Group
2025-05-02T01:24:59.415Z - MARKED DUPLICATE: 0aTL8QKaOsszTN2r0sei (Key: COORD|40.05733|-82.98707|after hours group|thu|22:00, Kept: 0ALB4YRKzJzLzL0NIkf6)
2025-05-02T01:24:59.417Z - SKIPPED (No Key): 0aXLWh5XNGCLkpPAHEPH - Sunday Morning Men's Big Book Group
2025-05-02T01:24:59.517Z - MARKED DUPLICATE: 0aaeec62d2ee1a4d16849edd (Key: COORD|49.41788|-82.42894|jubilé d’or group|sat|20:15, Kept: 0ZsaBOpGit1KJCqo3RoT)
2025-05-02T01:24:59.520Z - MARKED DUPLICATE: 0ab0c674c6f74a2ea21ed0ff (Key: COORD|42.67228|-73.81026|back on track group|mon|12:00, Kept: 0E63itNZx3t2Arqh2XMn)
2025-05-02T01:24:59.522Z - MARKED DUPLICATE: 0abef4d8cceb8576650ea283 (Key: COORD|28.55291|-81.37324|central orlando group|fri|18:00, Kept: 0X3H9zVVWIbcb6xl1ZaB)
2025-05-02T01:24:59.522Z - MARKED DUPLICATE: 0ac76c0fbaeedad727452864 (Key: COORD|33.96111|-83.3858|easy does it group|sat|17:00, Kept: 0XEasAJWVXAVob1qvF6Z)
2025-05-02T01:24:59.523Z - SKIPPED (No Key): 0acNB7EZjGQJKhNt7aYo - Ask-It-Basket Group
2025-05-02T01:24:59.555Z - MARKED DUPLICATE: 0ad07dbda17295f3f5af4888 (Key: LINK|zoom.us/j/4229943881|clean air group|fri|12:00, Kept: 0F2PcakburvgLGRU43GS)
2025-05-02T01:24:59.561Z - MARKED DUPLICATE: 0adS8KTGA9ZDnfYzKGfT (Key: COORD|39.95353|-83.07545|hope on the hill thursday group|thu|20:30, Kept: 0YabNuV38hZguyp2U1q7)
2025-05-02T01:24:59.561Z - MARKED DUPLICATE: 0adf7ec2d71ab69033d1b091 (Key: COORD|32.65031|-96.90874|southwest clean air group|tue|19:00, Kept: 01xkEzbeSgWzU2hwkUsS)
2025-05-02T01:24:59.564Z - MARKED DUPLICATE: 0ae1f8ac3aa51ad0c1c286b9 (Key: COORD|33.97014|-118.27413|grupo 2 de julio|sat|20:00, Kept: 0ScQ7qYhVDx5wLFG0Vku)
2025-05-02T01:24:59.597Z - MARKED DUPLICATE: 0aecd4a8eae6fc78c17a008c (Key: COORD|41.28108|-72.8119|early morning risers group|sat|07:30, Kept: 08OACRLSZjKNFpz2QL1t)
2025-05-02T01:24:59.601Z - MARKED DUPLICATE: 0afd59a2b0df6666e6b1ca80 (Key: COORD|39.98753|-83.06166|cliffhangers group|fri|20:00, Kept: 0H3ukLycAJpUxM78g6AN)
2025-05-02T01:24:59.602Z - SKIPPED (No Key): 0ajIM0hHCOv347BibcCZ - Open Door Group
2025-05-02T01:24:59.603Z - MARKED DUPLICATE: 0anZqKdyNfuvepjB8dO0 (Key: COORD|32.82399|-96.86422|lambda group|fri|18:30, Kept: 0W7JPPLggiPdI1XDhcHN)
2025-05-02T01:24:59.603Z - SKIPPED (No Key): 0aoRTSO0x9I3JzQmyj0U - Mustang Group
2025-05-02T01:24:59.603Z - MARKED DUPLICATE: 0aoRbnr66wtmiINs9UeR (Key: COORD|42.06607|-93.87933|boone group|tue|19:00, Kept: 07dd76114a6357fe8c63e55f)
2025-05-02T01:24:59.603Z - MARKED DUPLICATE: 0aokJNsszyJUUFOLBobD (Key: COORD|41.32342|-72.91857|conscious contact group|wed|19:00, Kept: 0UAm9PgOd2kM72vEyDY0)
2025-05-02T01:24:59.604Z - SKIPPED (No Key): 0aqJfTRhV6rdAkdWKPSG - Early Bird
2025-05-02T01:24:59.604Z - SKIPPED (No Key): 0asaCpY3QxBGfFJK5FK8 - Fourth Dimension Group
2025-05-02T01:24:59.629Z - MARKED DUPLICATE: 0b0731c782d1bde7ab0d00a5 (Key: LINK|zoom.us/j/711396930?pwd=rljpafi0ym1vq2lmq2dwwulyoergzz09|eno group|fri|20:00, Kept: 01e2m85ww5jbm8K2IDxI)
2025-05-02T01:24:59.666Z - MARKED DUPLICATE: 0b1dd7c9e1447b898d344c2a (Key: COORD|35.23239|-82.73029|joy of living group|sat|10:00, Kept: 0Q9gOUj8UmNOnaN7ahBC)
2025-05-02T01:24:59.669Z - MARKED DUPLICATE: 0b275420f861aeb10ea8443f (Key: COORD|27.25253|-80.23482|jensen beach group|wed|19:30, Kept: 0SSmoKgqZCDGNeG0jqeg)
2025-05-02T01:24:59.669Z - MARKED DUPLICATE: 0b28383196a06ef25dcb2d93 (Key: COORD|37.64511|-97.24377|eastside group|sun|17:00, Kept: 0CWO7QHdFuG4RQZaafQl)
2025-05-02T01:24:59.701Z - MARKED DUPLICATE: 0b3Zp5j3m0ZcEpj3cTai (Key: COORD|40.26009|-74.27653|morning miracles group|sat|09:00, Kept: 0Dz2K0x4vg4A43M4NX7W)
2025-05-02T01:24:59.701Z - MARKED DUPLICATE: 0b3b7123b61c4a9ec539ef5c (Key: COORD|35.05208|-83.19613|mountain view group|fri|12:00, Kept: 0Gt75QAoiygTQIYvp2Fe)
2025-05-02T01:24:59.702Z - MARKED DUPLICATE: 0b3d2ca7869d40e0ccf75f41 (Key: COORD|45.29578|-94.94764|new london sunday aa group|sun|18:00, Kept: 08s0gw7YIrZ7RdKtSoZ7)
2025-05-02T01:24:59.703Z - MARKED DUPLICATE: 0b43b22af789f62af4085b09 (Key: COORD|42.02932|-80.25457|fairview brownbaggers group|mon|12:00, Kept: 011I8Km33JxNWCCvfOqK)
2025-05-02T01:24:59.703Z - MARKED DUPLICATE: 0b43e81a9b3cc088ecad12f0 (Key: COORD|44.44323|-73.18809|living sober group|sat|08:00, Kept: 0BVpDf5nchLxgAJ89gMQ)
2025-05-02T01:24:59.706Z - MARKED DUPLICATE: 0b533e6242853dace78a32cb (Key: COORD|33.86273|-84.29177|central group|thu|20:00, Kept: 0T12tpdobJbxEN8zEAod)
2025-05-02T01:24:59.734Z - MARKED DUPLICATE: 0b6081e60756329fd5c879db (Key: COORD|26.13478|-80.18603|working with others|wed|19:00, Kept: 063gPmRJQr0XWdNB0FI1)
2025-05-02T01:24:59.735Z - MARKED DUPLICATE: 0b6181fe4de61be8962386a5 (Key: COORD|40.45061|-79.94257|spiritual connection womens group|mon|19:00, Kept: 06TIsw9x1EMeiplrrr29)
2025-05-02T01:24:59.735Z - MARKED DUPLICATE: 0b64ff2e9901fab518a58bbc (Key: COORD|37.0229|-121.58282|birthday meeting|sun|20:00, Kept: 0Kn5eGKys6C5P7W4aPyU)
2025-05-02T01:24:59.742Z - MARKED DUPLICATE: 0b6f52a1edadd41da6d53b57 (Key: COORD|32.27219|-80.91445|fresh start group|thu|07:30, Kept: 00VSeTXn5v3j7MZW5t9f)
2025-05-02T01:24:59.742Z - MARKED DUPLICATE: 0b72s5riktXYMi98pWET (Key: COORD|42.68442|-73.84669|mckownville sobriety group|thu|19:30, Kept: 0Kvj1JUUKeMtulr0Dn7O)
2025-05-02T01:24:59.742Z - MARKED DUPLICATE: 0b7c4420701265221acea4b2 (Key: COORD|33.47655|-112.0125|grupo la salida|thu|19:30, Kept: 0FV1w6R8b7iG3ha7pIpj)
2025-05-02T01:24:59.772Z - MARKED DUPLICATE: 0b8078f8f18940e2652e5da6 (Key: COORD|46.31154|-119.28554|richland group fellowship hall|thu|20:00, Kept: 0Kap72NtsN7WrHDxNNAd)
2025-05-02T01:24:59.774Z - MARKED DUPLICATE: 0b88d97ad59948b2be03e61c (Key: LINK|zoom.us/j/874937731?pwd=zfhsohgxuunnmhg2m3nfzzfqymxhdz09#success|zoom saturday let's meet online group|sat|19:00, Kept: 07mFXS3OCD68bSK6AZJT)
2025-05-02T01:24:59.774Z - MARKED DUPLICATE: 0b8e5eaf9cfd4dbb349a3147 (Key: LINK|us02web.zoom.us/j/5045314447?pwd=zeq3dcs2v2e3ny9ybfdoy08wztvyut09|upper ridgewood women's group|thu|10:00, Kept: 0Hi5PnFwYT6NbMzyRql0)
2025-05-02T01:24:59.776Z - MARKED DUPLICATE: 0b99c80e0205e26f9493c011 (Key: COORD|38.22455|-85.69258|loop group|mon|18:00, Kept: 0100W1LEJL0PNg8q5ylY)
2025-05-02T01:24:59.810Z - MARKED DUPLICATE: 0bAkd8K5cgI2F4Bzz9WX (Key: COORD|39.62889|-84.1565|franklin st. group|thu|19:30, Kept: 0GGiIk37SH259HdAao68)
2025-05-02T01:24:59.813Z - SKIPPED (No Key): 0bCDKSlaaHpPEBy2RKFg - Cairo Second Chance Group
2025-05-02T01:24:59.813Z - MARKED DUPLICATE: 0bCN7GmAyo1GF0IfIs3O (Key: COORD|41.79504|-87.97632|awareness group|mon|17:00, Kept: 006e2f16587cd2a28d73a0ae)
2025-05-02T01:24:59.813Z - SKIPPED (No Key): 0bE3eJcCS9uHUft0HUGS - First Things First Group
2025-05-02T01:24:59.813Z - SKIPPED (No Key): 0bHd7bVRqKQT4KMltLd4 - Anniversary Group
2025-05-02T01:24:59.813Z - MARKED DUPLICATE: 0bKoT6dpsVeK3q0Kd0ih (Key: COORD|40.63915|-74.29204|thursday noontime group|thu|13:00, Kept: 0YGKKu8qfYhBBOMNDyUU)
2025-05-02T01:24:59.814Z - MARKED DUPLICATE: 0bONfZbeTlPb294tpTej (Key: COORD|40.98958|-73.80008|scarsdale crane road group|mon|19:30, Kept: 02745f16b86012c968892eb7)
2025-05-02T01:24:59.814Z - MARKED DUPLICATE: 0bPFFc16YcPpUsfimnVy (Key: COORD|35.44039|-97.40153|old homestead group|mon|12:00, Kept: 0TRyHQcn5VH17FB5xoxR)
2025-05-02T01:24:59.814Z - MARKED DUPLICATE: 0bPg0eBC5E7vZSUOXwUr (Key: COORD|28.25538|-80.74338|viera group|fri|12:00, Kept: 0H0qZyAqr3KizFypQKvj)
2025-05-02T01:24:59.814Z - SKIPPED (No Key): 0bQBwL8MDmcluvEaRKDD - Tea Time Group
2025-05-02T01:24:59.814Z - SKIPPED (No Key): 0bQd4adDEDrFOF7fcDZ5 - Casco Speakers Group
2025-05-02T01:24:59.814Z - SKIPPED (No Key): 0bR1iHBZ2iBhz6IBRGUd - Preston Group
2025-05-02T01:24:59.814Z - MARKED DUPLICATE: 0bT1Ty5Flzjbzk5WeBkE (Key: COORD|45.67877|-122.48278|east vancouver group|fri|19:30, Kept: 01c59582bf3c1715ff065bd7)
2025-05-02T01:24:59.814Z - SKIPPED (No Key): 0bTkWGK8WgPT0HMMvVi7 - Greenwood Forest Group - Women's Meeting
2025-05-02T01:24:59.814Z - SKIPPED (No Key): 0bV95gyxIyEP5NbbiIGe - Franklin Serenity Group
2025-05-02T01:24:59.814Z - SKIPPED (No Key): 0bWNtL2HhO71KndVfFN2 - SOBRIETY FIRST GROUP
2025-05-02T01:24:59.815Z - SKIPPED (No Key): 0bXt8JRrrISVg3u4inz6 - Sunday Night One Day At A Time Group
2025-05-02T01:24:59.836Z - SKIPPED (No Key): 0bZ6jP4ocLKKJPLQj334 - Gardiner Sunday Night Big Book Group
2025-05-02T01:24:59.836Z - MARKED DUPLICATE: 0bZzmZMIlSiVUSbekGWB (Key: LINK|zoom.us/j/332929394|noon cobb group|wed|12:00, Kept: 0WsSERGIEIIn4ssw1gxc)
2025-05-02T01:24:59.837Z - MARKED DUPLICATE: 0ba25dcc0ba7ed96167eb250 (Key: COORD|32.47414|-93.76529|426 group|thu|19:00, Kept: 02AgLffM1UgZbIFPyip6)
2025-05-02T01:24:59.837Z - MARKED DUPLICATE: 0ba6dc595cd3e15ccf84beb2 (Key: COORD|27.92219|-82.26837|staying alive group|wed|17:45, Kept: 0NM7TpF6qx51CWEO2kYQ)
2025-05-02T01:24:59.847Z - MARKED DUPLICATE: 0baREmO64ot4WBQkY7Uc (Key: COORD|39.91933|-83.05464|the leg up group|tue|19:00, Kept: 0RxsDBO6mIcd0T7lGMFW)
