[2025-04-29T23:02:18.353Z] Meeting ID: 003072136995f6353c1c6e8b - Name: "St Francisville Group- Via phone" - Error: Failed to generate group data before transaction
[2025-04-29T23:02:19.022Z] Meeting ID: 007b3e05a41a05066b6fa2e3 - Name: "Vicksburg Group" - Error: Failed to generate group data before transaction
[2025-04-29T23:02:19.252Z] Meeting ID: 00c3a760ec570d7ad5e9c145 - Name: "6AM Living Sober" - Error: Failed to generate group data before transaction
[2025-04-29T23:02:19.941Z] Meeting ID: 01a4fdc34872e13b8dafee6a - Name: "Stay Connected" - Error: Failed to generate group data before transaction
[2025-04-29T23:02:20.603Z] Meeting ID: 01e26f136b26bc288cd6ccd1 - Name: "Miracles Did Happen Daily Reflections." - Error: Failed to generate group data before transaction
[2025-04-29T23:02:21.066Z] Meeting ID: 01ea4d9753fa48b1064c0f84 - Name: "Children of Chaos" - Error: Failed to generate group data before transaction
[2025-04-29T23:02:21.621Z] Meeting ID: 02049f07142320c1aa23c668 - Name: "M.O.T.H. PHONE ONLY." - Error: Failed to generate group data before transaction
[2025-04-29T23:02:21.958Z] Meeting ID: 021c13e8de7140afbae958bd - Name: "Pause at Five" - Error: Failed to generate group data before transaction
[2025-04-29T23:02:22.440Z] Meeting ID: 0272102b257487a19dc5327e - Name: "1-12 and Friends- Via phone" - Error: Failed to generate group data before transaction
[2025-04-29T23:02:22.860Z] Meeting ID: 02837014c9bbaa66df096fd5 - Name: "Early Riser Group" - Error: Failed to generate group data before transaction
[2025-04-29T23:02:23.283Z] Meeting ID: 02c79bb4effe77d0c996c726 - Name: "Warrenton Smokeless" - Error: Failed to generate group data before transaction
[2025-04-29T23:02:23.643Z] Meeting ID: 02db57eeeaf999e24d0add8c - Name: "Brace Yourself" - Error: Failed to generate group data before transaction
[2025-04-29T23:02:24.051Z] Meeting ID: 037dc1c71dd0f01bbc594567 - Name: "Solutions Group" - Error: Failed to generate group data before transaction
[2025-04-29T23:02:24.452Z] Meeting ID: 04095c8c73049d897f5f944d - Name: "An Alcoholic Like Me (Telephone Meeting)" - Error: Failed to generate group data before transaction
[2025-04-29T23:02:24.948Z] Meeting ID: 04501226191963c9cd7e7605 - Name: "Steel Magnolias Women's Speaker Meeting (conf. call)" - Error: Failed to generate group data before transaction
[2025-04-29T23:02:25.999Z] Meeting ID: 059a0682e6d19c7fdc415660 - Name: "AU BOUT DU FIL (réunion téléphonique)" - Error: Failed to generate group data before transaction
[2025-04-29T23:02:26.645Z] Meeting ID: 05c7ddf8075256fa1d7dd697 - Name: "Montezuma Group" - Error: Failed to generate group data before transaction
[2025-04-29T23:02:27.500Z] Meeting ID: 06eea7b42006e0f4080f4b45 - Name: "KEEP IT SIMPLE / EARLY BIRDS" - Error: Failed to generate group data before transaction
[2025-04-29T23:02:28.137Z] Meeting ID: 072d982286febd16d0d8e133 - Name: "Acceptance" - Error: Failed to generate group data before transaction
[2025-04-29T23:02:28.507Z] Meeting ID: 07339dcd4650f2f9a01954dd - Name: "Sober Voices Group" - Error: Failed to generate group data before transaction
[2025-04-29T23:02:29.212Z] Meeting ID: 08144cf3290e32a7f8280b06 - Name: "1-12 and Friends- Via Phone" - Error: Failed to generate group data before transaction
[2025-04-29T23:02:29.915Z] Meeting ID: 0914320bc131e7526c464d21 - Name: "NY-Penn United Phone Conference" - Error: Failed to generate group data before transaction
[2025-04-29T23:02:30.350Z] Meeting ID: 09d0e915b3dab477dcdb4341 - Name: "COFFEE CLUTCHERS" - Error: Failed to generate group data before transaction
[2025-04-29T23:02:30.736Z] Meeting ID: 09fc06db9ec8ced1d88dc431 - Name: "Clinton 6:30" - Error: Failed to generate group data before transaction
[2025-04-29T23:02:32.725Z] Meeting ID: 0a337d57ae637441b446a362 - Name: "Early Birds" - Error: Failed to generate group data before transaction
[2025-04-29T23:02:33.520Z] Meeting ID: 0b6a2c08b31439565c6c1fc9 - Name: "On The Way Home" - Error: Failed to generate group data before transaction
[2025-04-29T23:02:34.358Z] Meeting ID: 0c31d0e3eeff5b8e6be992f8 - Name: "Fuente de Poder: Telephone Mtg." - Error: Failed to generate group data before transaction
[2025-04-29T23:02:34.734Z] Meeting ID: 0c9e16b8d94167ba1615e18b - Name: "NY-Penn United Phone Conference" - Error: Failed to generate group data before transaction
[2025-04-29T23:02:35.125Z] Meeting ID: 0cb02ea9b1ed36faa240dd1f - Name: "Women's 20/20 Solution" - Error: Failed to generate group data before transaction
[2025-04-29T23:02:35.383Z] Meeting ID: 0cd50b1043c4f41fd6e8eb88 - Name: "NY-Penn United Phone Conference" - Error: Failed to generate group data before transaction
[2025-04-29T23:02:35.591Z] Meeting ID: 0cdf67722dfcf88a2ba19d2b - Name: "An Alcoholic Like Me (Telephone Meeting)" - Error: Failed to generate group data before transaction
[2025-04-29T23:02:36.842Z] Meeting ID: 0f86175a30c271a54c9dc7fc - Name: "Women's Meeting" - Error: Failed to generate group data before transaction
[2025-04-29T23:02:38.719Z] Meeting ID: 10ad65943c8c560a1afa00d0 - Name: "Sober Voices Group" - Error: Failed to generate group data before transaction
[2025-04-29T23:02:39.237Z] Meeting ID: 10b410b0fec7cb4d96873d34 - Name: "PHONE AT THE GROVE" - Error: Failed to generate group data before transaction
[2025-04-29T23:02:40.070Z] Meeting ID: 117e56a11de2db77fd95d5aa - Name: "AU BOUT DU FIL (réunion téléphonique)" - Error: Failed to generate group data before transaction
[2025-04-29T23:02:40.670Z] Meeting ID: 11d2957228124fd8593d6db8 - Name: "Burr Ridge Step Meeting" - Error: Failed to generate group data before transaction
[2025-04-29T23:02:41.234Z] Meeting ID: 11f458206a6593fcb7b0a914 - Name: "Young People (hybrid)" - Error: Failed to generate group data before transaction
[2025-04-29T23:02:41.964Z] Meeting ID: 12caaa8632fa2c7d45b1d617 - Name: "Liberty Bell Group" - Error: Failed to generate group data before transaction
[2025-04-29T23:02:42.505Z] Meeting ID: 12f5ee0128ea001f019ce2db - Name: "COFFEE CLUTCHERS" - Error: Failed to generate group data before transaction
[2025-04-29T23:03:04.459Z] Meeting ID: 137dce3b4bcf0486e4e29c9a - Name: "KEEP IT SIMPLE / EARLY BIRDS" - Error: Failed to generate group data before transaction
[2025-04-29T23:03:25.782Z] Meeting ID: 13ae4b550e86ca5556cbfb56 - Name: "Acceptance" - Error: Failed to generate group data before transaction
[2025-04-29T23:03:37.821Z] Meeting ID: 13be200fc6f1e6f56e70fbc3 - Name: "Here's How Group" - Error: Failed to generate group data before transaction
[2025-04-29T23:04:27.334Z] Meeting ID: 13f02f5134cf19399f55374f - Name: "Ladies In Unity" - Error: Failed to generate group data before transaction
[2025-04-29T23:05:19.799Z] Meeting ID: 14232bb77a0667ac7668429f - Name: "Andrews" - Error: Failed to generate group data before transaction
[2025-04-29T23:06:29.526Z] Meeting ID: 1465a9cc85bcf4ad2c105734 - Name: "NY-Penn United Phone Conference" - Error: Failed to generate group data before transaction
[2025-04-29T23:07:10.054Z] Meeting ID: 148f6730ef64174592ba58f5 - Name: "Get Up, Get Out, Get Sober" - Error: Failed to generate group data before transaction
[2025-04-29T23:07:25.778Z] Meeting ID: 149fc37dbf42c0bd93c541a3 - Name: "Sober Voices Group" - Error: Failed to generate group data before transaction
[2025-04-29T23:10:59.608Z] Meeting ID: 1571dfb80ee2f550e9c3b19c - Name: "Pass It On Phone Groups" - Error: Failed to generate group data before transaction
[2025-04-29T23:13:18.441Z] Meeting ID: 15fcf757bbdc4be16f2a2587 - Name: "1-12 and Friends- Via phone" - Error: Failed to generate group data before transaction
[2025-04-29T23:15:39.519Z] Meeting ID: 169920408e6f520840581e02 - Name: "Pass It On Phone Groups" - Error: Failed to generate group data before transaction
[2025-04-29T23:16:31.649Z] Meeting ID: 16d5c1ea9e6ebe05e4e72a0d - Name: "Sober Voices Group" - Error: Failed to generate group data before transaction
[2025-04-29T23:18:32.606Z] Meeting ID: 176a1067eef62aee4df6f73e - Name: "New Town Alano Club AA Phone In Only" - Error: Failed to generate group data before transaction
[2025-04-29T23:19:01.860Z] Meeting ID: 178771fee42a2c97ad8cb2c6 - Name: "Brace Yourself" - Error: Failed to generate group data before transaction
[2025-04-29T23:21:02.940Z] Meeting ID: 1820ae9174b310af20f72274 - Name: "Carson City Early Birds Phone Meeting" - Error: Failed to generate group data before transaction
[2025-04-29T23:22:41.644Z] Meeting ID: 18a1c16d759a08982e637108 - Name: "Early Birds" - Error: Failed to generate group data before transaction
[2025-04-29T23:23:05.480Z] Meeting ID: 18c29b3d7fb11b8de3f5bd09 - Name: "Brace Yourself" - Error: Failed to generate group data before transaction
[2025-04-29T23:23:59.997Z] Meeting ID: 19065a739432d7bd7e1d31c9 - Name: "Fuente de Poder: Telephone Mtg." - Error: Failed to generate group data before transaction
[2025-04-29T23:27:03.404Z] Meeting ID: 1a071cf5f116b8eb2bc3a44c - Name: "Stay Connected" - Error: Failed to generate group data before transaction
[2025-04-29T23:30:01.093Z] Meeting ID: 1aecf8de8627dfcb5cc152b0 - Name: "Andrews 12 & 12 (Phone meeting)" - Error: Failed to generate group data before transaction
[2025-04-29T23:32:23.547Z] Meeting ID: 1bd121fc0f9dbef7ea54650c - Name: "(Phone Only) At Home Group" - Error: Failed to generate group data before transaction
[2025-04-29T23:34:15.511Z] Meeting ID: 1c7ac7e7487de36d5a060d6b - Name: "New Hamburg Telephone Meeting" - Error: Failed to generate group data before transaction
[2025-04-29T23:34:50.575Z] Meeting ID: 1ca99496b65396bbdb4313c0 - Name: "On Awakening" - Error: Failed to generate group data before transaction
[2025-04-29T23:35:34.076Z] Meeting ID: 1cea4b89912bba0aa6a220f7 - Name: "Peacemakers" - Error: Failed to generate group data before transaction
[2025-04-29T23:37:35.302Z] Meeting ID: 1d9b1ee96dac6450f0f4cd86 - Name: "Gravel Ridge Group" - Error: Failed to generate group data before transaction
[2025-04-29T23:39:33.665Z] Meeting ID: 1e4e7947cb1819155df2aa1f - Name: "Five O'clock Somewhere (Conf. Call)" - Error: Failed to generate group data before transaction
[2025-04-29T23:41:44.043Z] Meeting ID: 1f153e7cbe07f8d1346f57ab - Name: "Friends of Bill W. Phone Meeting" - Error: Failed to generate group data before transaction
[2025-04-29T23:42:00.443Z] Meeting ID: 1f2eb48a0855ff6c67b83a21 - Name: "Highlanders HYBRID" - Error: Failed to generate group data before transaction
[2025-04-29T23:42:35.749Z] Meeting ID: 1f68c219a651137163d28a22 - Name: "Brace Yourself" - Error: Failed to generate group data before transaction
[2025-04-29T23:44:11.600Z] Meeting ID: 2006cd4a91a6f62750c7a862 - Name: "Andrews" - Error: Failed to generate group data before transaction
[2025-04-29T23:47:29.071Z] Meeting ID: 21268468c868caadbce923a0 - Name: "On Awakening" - Error: Failed to generate group data before transaction
[2025-04-29T23:48:22.712Z] Meeting ID: 21663dc6670cbc064d17401a - Name: "Carson City Early Birds Phone Meeting" - Error: Failed to generate group data before transaction
[2025-04-29T23:49:52.658Z] Meeting ID: 21f73160d5b1be75669bb3d2 - Name: "SLO Big Book Study" - Error: Failed to generate group data before transaction
[2025-04-29T23:52:42.909Z] Meeting ID: 230c86ac86f8fa91e7ee4d09 - Name: "Cleveland Park Phone Only Meeting" - Error: Failed to generate group data before transaction
[2025-04-29T23:54:39.994Z] Meeting ID: 23c2eecb44f238fb47f77cff - Name: "Fuente de Poder: Telephone Mtg." - Error: Failed to generate group data before transaction
[2025-04-29T23:55:21.518Z] Meeting ID: 24119322778e26e9009e0153 - Name: "Recovering While Shut-In (phone meeting)" - Error: Failed to generate group data before transaction
[2025-04-29T23:56:27.335Z] Meeting ID: 247af7ced8e671572ca47536 - Name: "Peacemakers" - Error: Failed to generate group data before transaction
[2025-04-29T23:57:15.805Z] Meeting ID: 24cb5cc426c81a6f51f8e555 - Name: "12 Step" - Error: Failed to generate group data before transaction
[2025-04-30T00:02:04.336Z] Meeting ID: 26a57fe8d8b0ef4713aa3c23 - Name: "Get Up, Get Out, Get Sober" - Error: Failed to generate group data before transaction
